-------------------------------------------------------------------------------
Test set: Forgot Password
-------------------------------------------------------------------------------
Tests run: 2, Failures: 1, Errors: 0, Skipped: 0, Time elapsed: 1.522 s <<< FAILURE! - in Forgot Password
Forgot Password.SG 006 - Forgot Password invalid data unregister  Time elapsed: 0.083 s  <<< FAILURE!
java.lang.AssertionError: 
1 expectation failed.
Expected status code <404> but was <200>.


