<?xml version="1.0" encoding="UTF-8"?>
<testsuite xmlns:xsi="http://www.w3.org/2001/XMLSchema-instance" xsi:noNamespaceSchemaLocation="https://maven.apache.org/surefire/maven-failsafe-plugin/xsd/failsafe-test-report-3.0.xsd" version="3.0" name="Job Order Request" time="0.197" tests="17" errors="17" skipped="0" failures="0">
  <properties>
[...]
</properties>
  <testcase name="JOR 002 - Update Job Order Request" classname="Job Order Request" time="0.03">
    <error message="Cannot invoke &quot;pageObjectAPI.jobOrder.jobOrderAPI.setJobOrderRequest(java.io.File)&quot; because &quot;this.jobOrderAPI&quot; is null" type="java.lang.NullPointerException"><![CDATA[java.lang.NullPointerException: Cannot invoke "pageObjectAPI.jobOrder.jobOrderAPI.setJobOrderRequest(java.io.File)" because "this.jobOrderAPI" is null
]]></error>
    <system-out><![CDATA[
@recruitment @JOR
Scenario: JOR 002 - Update Job Order Request                          &amp#27;[90m# features//jobOrder/jobOrder.feature:8&amp#27;[0m
16:13:03.453 [pool-2-thread-1] INFO io.cucumber.core.plugin.SerenityReporter - Running feature from classpath:features//jobOrder/jobOrder.feature
16:13:03.454 [pool-2-thread-1] INFO  - 
  _____   ___   ___   _____     ___   _____     _     ___   _____   ___   ___  
 |_   _| | __| / __| |_   _|   / __| |_   _|   /_\   | _ \ |_   _| | __| |   \ 
   | |   | _|  \__ \   | |     \__ \   | |    / _ \  |   /   | |   | _|  | |) |
   |_|   |___| |___/   |_|     |___/   |_|   /_/ \_\ |_|_\   |_|   |___| |___/ 

JOR 002 - Update Job Order Request(job-order-request;jor-002---update-job-order-request)
--------------------------------------------------------------------------------
  &amp#27;[31mGiven &amp#27;[0m&amp#27;[31mValid Data JSON Job Order Request&amp#27;[0m                             &amp#27;[90m# step_definitions.jobOrder.jobOrder.validDataJSONJobOrderRequest()&amp#27;[0m
      &amp#27;[31mjava.lang.NullPointerException: Cannot invoke "pageObjectAPI.jobOrder.jobOrderAPI.setJobOrderRequest(java.io.File)" because "this.jobOrderAPI" is null
	at serenity.rest.starter@1.0.0-SNAPSHOT/step_definitions.jobOrder.jobOrder.validDataJSONJobOrderRequest(jobOrder.java:19)
	at ✽.Valid Data JSON Job Order Request(classpath:features//jobOrder/jobOrder.feature:4)
&amp#27;[0m
  &amp#27;[36mWhen &amp#27;[0m&amp#27;[36mSend request post Job Order Request&amp#27;[0m                            &amp#27;[90m# step_definitions.jobOrder.jobOrder.sendRequestPostJobOrderRequest()&amp#27;[0m
  &amp#27;[36mThen &amp#27;[0m&amp#27;[36mthe response status code should be &amp#27;[0m&amp#27;[36m&amp#27;[1m201&amp#27;[0m&amp#27;[36m Created&amp#27;[0m                 &amp#27;[90m# step_definitions.utills.responseStatusCode.theResponseStatusCodeShouldBeCreated(int)&amp#27;[0m
  &amp#27;[36mWhen &amp#27;[0m&amp#27;[36mSend request method to POST path to Param Company Organization&amp#27;[0m &amp#27;[90m# step_definitions.jobOrder.jobOrder.sendRequestMethodToPOSTPathToParamCompanyOrganization()&amp#27;[0m
  &amp#27;[36mThen &amp#27;[0m&amp#27;[36mthe response status code should be &amp#27;[0m&amp#27;[36m&amp#27;[1m200&amp#27;[0m&amp#27;[36m OK&amp#27;[0m                      &amp#27;[90m# step_definitions.utills.responseStatusCode.theResponseStatusCodeShouldBeOK(int)&amp#27;[0m
  &amp#27;[36mAnd &amp#27;[0m&amp#27;[36mValidate json schema response Param Company Organization&amp#27;[0m        &amp#27;[90m# step_definitions.jobOrder.jobOrder.validateJsonSchemaResponseParamCompanyOrganization()&amp#27;[0m
]]></system-out>
  </testcase>
  <testcase name="JOR 003 - Delete Job Order Request" classname="Job Order Request" time="0.016">
    <error message="Cannot invoke &quot;pageObjectAPI.jobOrder.jobOrderAPI.setJobOrderRequest(java.io.File)&quot; because &quot;this.jobOrderAPI&quot; is null" type="java.lang.NullPointerException"><![CDATA[java.lang.NullPointerException: Cannot invoke "pageObjectAPI.jobOrder.jobOrderAPI.setJobOrderRequest(java.io.File)" because "this.jobOrderAPI" is null
]]></error>
    <system-out><![CDATA[
@recruitment @JOR
Scenario: JOR 003 - Delete Job Order Request              &amp#27;[90m# features//jobOrder/jobOrder.feature:13&amp#27;[0m
16:13:03.471 [pool-2-thread-1] INFO io.cucumber.core.plugin.SerenityReporter - Running feature from classpath:features//jobOrder/jobOrder.feature
16:13:03.472 [pool-2-thread-1] INFO  - 
  _____   ___   ___   _____     ___   _____     _     ___   _____   ___   ___  
 |_   _| | __| / __| |_   _|   / __| |_   _|   /_\   | _ \ |_   _| | __| |   \ 
   | |   | _|  \__ \   | |     \__ \   | |    / _ \  |   /   | |   | _|  | |) |
   |_|   |___| |___/   |_|     |___/   |_|   /_/ \_\ |_|_\   |_|   |___| |___/ 

JOR 003 - Delete Job Order Request(job-order-request;jor-003---delete-job-order-request)
--------------------------------------------------------------------------------
  &amp#27;[31mGiven &amp#27;[0m&amp#27;[31mValid Data JSON Job Order Request&amp#27;[0m                 &amp#27;[90m# step_definitions.jobOrder.jobOrder.validDataJSONJobOrderRequest()&amp#27;[0m
      &amp#27;[31mjava.lang.NullPointerException: Cannot invoke "pageObjectAPI.jobOrder.jobOrderAPI.setJobOrderRequest(java.io.File)" because "this.jobOrderAPI" is null
	at serenity.rest.starter@1.0.0-SNAPSHOT/step_definitions.jobOrder.jobOrder.validDataJSONJobOrderRequest(jobOrder.java:19)
	at ✽.Valid Data JSON Job Order Request(classpath:features//jobOrder/jobOrder.feature:4)
&amp#27;[0m
  &amp#27;[36mWhen &amp#27;[0m&amp#27;[36mSend request post Job Order Request&amp#27;[0m                &amp#27;[90m# step_definitions.jobOrder.jobOrder.sendRequestPostJobOrderRequest()&amp#27;[0m
  &amp#27;[36mThen &amp#27;[0m&amp#27;[36mthe response status code should be &amp#27;[0m&amp#27;[36m&amp#27;[1m201&amp#27;[0m&amp#27;[36m Created&amp#27;[0m     &amp#27;[90m# step_definitions.utills.responseStatusCode.theResponseStatusCodeShouldBeCreated(int)&amp#27;[0m
  &amp#27;[36mWhen &amp#27;[0m&amp#27;[36mSend request method to DELETE path to Request Page&amp#27;[0m &amp#27;[90m# step_definitions.jobOrder.jobOrder.sendRequestMethodToDELETEPathToRequestPage()&amp#27;[0m
  &amp#27;[36mThen &amp#27;[0m&amp#27;[36mthe response status code should be &amp#27;[0m&amp#27;[36m&amp#27;[1m204&amp#27;[0m&amp#27;[36m No Content&amp#27;[0m  &amp#27;[90m# step_definitions.utills.responseStatusCode.theResponseStatusCodeShouldBeNoContent(int)&amp#27;[0m
  &amp#27;[36mAnd &amp#27;[0m&amp#27;[36mValidate json schema response Request Page&amp#27;[0m          &amp#27;[90m# step_definitions.jobOrder.jobOrder.validateJsonSchemaResponseRequestPage()&amp#27;[0m
]]></system-out>
  </testcase>
  <testcase name="JOR 004 - Job Order Request Approval" classname="Job Order Request" time="0.01">
    <error message="Cannot invoke &quot;pageObjectAPI.jobOrder.jobOrderAPI.setJobOrderRequest(java.io.File)&quot; because &quot;this.jobOrderAPI&quot; is null" type="java.lang.NullPointerException"><![CDATA[java.lang.NullPointerException: Cannot invoke "pageObjectAPI.jobOrder.jobOrderAPI.setJobOrderRequest(java.io.File)" because "this.jobOrderAPI" is null
]]></error>
    <system-out><![CDATA[
@recruitment @JOR
Scenario: JOR 004 - Job Order Request Approval                       &amp#27;[90m# features//jobOrder/jobOrder.feature:18&amp#27;[0m
16:13:03.489 [pool-2-thread-1] INFO io.cucumber.core.plugin.SerenityReporter - Running feature from classpath:features//jobOrder/jobOrder.feature
16:13:03.490 [pool-2-thread-1] INFO  - 
  _____   ___   ___   _____     ___   _____     _     ___   _____   ___   ___  
 |_   _| | __| / __| |_   _|   / __| |_   _|   /_\   | _ \ |_   _| | __| |   \ 
   | |   | _|  \__ \   | |     \__ \   | |    / _ \  |   /   | |   | _|  | |) |
   |_|   |___| |___/   |_|     |___/   |_|   /_/ \_\ |_|_\   |_|   |___| |___/ 

JOR 004 - Job Order Request Approval(job-order-request;jor-004---job-order-request-approval)
--------------------------------------------------------------------------------
  &amp#27;[31mGiven &amp#27;[0m&amp#27;[31mValid Data JSON Job Order Request&amp#27;[0m                            &amp#27;[90m# step_definitions.jobOrder.jobOrder.validDataJSONJobOrderRequest()&amp#27;[0m
      &amp#27;[31mjava.lang.NullPointerException: Cannot invoke "pageObjectAPI.jobOrder.jobOrderAPI.setJobOrderRequest(java.io.File)" because "this.jobOrderAPI" is null
	at serenity.rest.starter@1.0.0-SNAPSHOT/step_definitions.jobOrder.jobOrder.validDataJSONJobOrderRequest(jobOrder.java:19)
	at ✽.Valid Data JSON Job Order Request(classpath:features//jobOrder/jobOrder.feature:4)
&amp#27;[0m
  &amp#27;[36mWhen &amp#27;[0m&amp#27;[36mSend request post Job Order Request&amp#27;[0m                           &amp#27;[90m# step_definitions.jobOrder.jobOrder.sendRequestPostJobOrderRequest()&amp#27;[0m
  &amp#27;[36mThen &amp#27;[0m&amp#27;[36mthe response status code should be &amp#27;[0m&amp#27;[36m&amp#27;[1m201&amp#27;[0m&amp#27;[36m Created&amp#27;[0m                &amp#27;[90m# step_definitions.utills.responseStatusCode.theResponseStatusCodeShouldBeCreated(int)&amp#27;[0m
  &amp#27;[36mWhen &amp#27;[0m&amp#27;[36mSend request method to GET path to Job Order Request Approval&amp#27;[0m &amp#27;[90m# step_definitions.jobOrder.jobOrder.sendRequestMethodToGETPathToJobOrderRequestApproval()&amp#27;[0m
  &amp#27;[36mThen &amp#27;[0m&amp#27;[36mthe response status code should be &amp#27;[0m&amp#27;[36m&amp#27;[1m200&amp#27;[0m&amp#27;[36m OK&amp#27;[0m                     &amp#27;[90m# step_definitions.utills.responseStatusCode.theResponseStatusCodeShouldBeOK(int)&amp#27;[0m
  &amp#27;[36mAnd &amp#27;[0m&amp#27;[36mValidate json schema response Job Order Request Approval&amp#27;[0m       &amp#27;[90m# step_definitions.jobOrder.jobOrder.validateJsonSchemaResponseJobOrderRequestApproval()&amp#27;[0m
]]></system-out>
  </testcase>
  <testcase name="JOR 005 - Job Order Request Rejected" classname="Job Order Request" time="0.014">
    <error message="Cannot invoke &quot;pageObjectAPI.jobOrder.jobOrderAPI.setJobOrderRequest(java.io.File)&quot; because &quot;this.jobOrderAPI&quot; is null" type="java.lang.NullPointerException"><![CDATA[java.lang.NullPointerException: Cannot invoke "pageObjectAPI.jobOrder.jobOrderAPI.setJobOrderRequest(java.io.File)" because "this.jobOrderAPI" is null
]]></error>
    <system-out><![CDATA[
@recruitment @JOR
Scenario: JOR 005 - Job Order Request Rejected                       &amp#27;[90m# features//jobOrder/jobOrder.feature:23&amp#27;[0m
16:13:03.501 [pool-2-thread-1] INFO io.cucumber.core.plugin.SerenityReporter - Running feature from classpath:features//jobOrder/jobOrder.feature
16:13:03.502 [pool-2-thread-1] INFO  - 
  _____   ___   ___   _____     ___   _____     _     ___   _____   ___   ___  
 |_   _| | __| / __| |_   _|   / __| |_   _|   /_\   | _ \ |_   _| | __| |   \ 
   | |   | _|  \__ \   | |     \__ \   | |    / _ \  |   /   | |   | _|  | |) |
   |_|   |___| |___/   |_|     |___/   |_|   /_/ \_\ |_|_\   |_|   |___| |___/ 

JOR 005 - Job Order Request Rejected(job-order-request;jor-005---job-order-request-rejected)
--------------------------------------------------------------------------------
  &amp#27;[31mGiven &amp#27;[0m&amp#27;[31mValid Data JSON Job Order Request&amp#27;[0m                            &amp#27;[90m# step_definitions.jobOrder.jobOrder.validDataJSONJobOrderRequest()&amp#27;[0m
      &amp#27;[31mjava.lang.NullPointerException: Cannot invoke "pageObjectAPI.jobOrder.jobOrderAPI.setJobOrderRequest(java.io.File)" because "this.jobOrderAPI" is null
	at serenity.rest.starter@1.0.0-SNAPSHOT/step_definitions.jobOrder.jobOrder.validDataJSONJobOrderRequest(jobOrder.java:19)
	at ✽.Valid Data JSON Job Order Request(classpath:features//jobOrder/jobOrder.feature:4)
&amp#27;[0m
  &amp#27;[36mWhen &amp#27;[0m&amp#27;[36mSend request post Job Order Request&amp#27;[0m                           &amp#27;[90m# step_definitions.jobOrder.jobOrder.sendRequestPostJobOrderRequest()&amp#27;[0m
  &amp#27;[36mThen &amp#27;[0m&amp#27;[36mthe response status code should be &amp#27;[0m&amp#27;[36m&amp#27;[1m201&amp#27;[0m&amp#27;[36m Created&amp#27;[0m                &amp#27;[90m# step_definitions.utills.responseStatusCode.theResponseStatusCodeShouldBeCreated(int)&amp#27;[0m
  &amp#27;[36mWhen &amp#27;[0m&amp#27;[36mSend request method to GET path to Job Order Request Rejected&amp#27;[0m &amp#27;[90m# step_definitions.jobOrder.jobOrder.sendRequestMethodToGETPathToJobOrderRequestRejected()&amp#27;[0m
  &amp#27;[36mThen &amp#27;[0m&amp#27;[36mthe response status code should be &amp#27;[0m&amp#27;[36m&amp#27;[1m200&amp#27;[0m&amp#27;[36m OK&amp#27;[0m                     &amp#27;[90m# step_definitions.utills.responseStatusCode.theResponseStatusCodeShouldBeOK(int)&amp#27;[0m
  &amp#27;[36mAnd &amp#27;[0m&amp#27;[36mValidate json schema response Job Order Request Rejected&amp#27;[0m       &amp#27;[90m# step_definitions.jobOrder.jobOrder.validateJsonSchemaResponseJobOrderRequestRejected()&amp#27;[0m
]]></system-out>
  </testcase>
  <testcase name="JOR 006 - Job Order Request Revised" classname="Job Order Request" time="0.01">
    <error message="Cannot invoke &quot;pageObjectAPI.jobOrder.jobOrderAPI.setJobOrderRequest(java.io.File)&quot; because &quot;this.jobOrderAPI&quot; is null" type="java.lang.NullPointerException"><![CDATA[java.lang.NullPointerException: Cannot invoke "pageObjectAPI.jobOrder.jobOrderAPI.setJobOrderRequest(java.io.File)" because "this.jobOrderAPI" is null
]]></error>
    <system-out><![CDATA[
@recruitment @JOR
Scenario: JOR 006 - Job Order Request Revised                       &amp#27;[90m# features//jobOrder/jobOrder.feature:28&amp#27;[0m
16:13:03.516 [pool-2-thread-1] INFO io.cucumber.core.plugin.SerenityReporter - Running feature from classpath:features//jobOrder/jobOrder.feature
16:13:03.517 [pool-2-thread-1] INFO  - 
  _____   ___   ___   _____     ___   _____     _     ___   _____   ___   ___  
 |_   _| | __| / __| |_   _|   / __| |_   _|   /_\   | _ \ |_   _| | __| |   \ 
   | |   | _|  \__ \   | |     \__ \   | |    / _ \  |   /   | |   | _|  | |) |
   |_|   |___| |___/   |_|     |___/   |_|   /_/ \_\ |_|_\   |_|   |___| |___/ 

JOR 006 - Job Order Request Revised(job-order-request;jor-006---job-order-request-revised)
--------------------------------------------------------------------------------
  &amp#27;[31mGiven &amp#27;[0m&amp#27;[31mValid Data JSON Job Order Request&amp#27;[0m                           &amp#27;[90m# step_definitions.jobOrder.jobOrder.validDataJSONJobOrderRequest()&amp#27;[0m
      &amp#27;[31mjava.lang.NullPointerException: Cannot invoke "pageObjectAPI.jobOrder.jobOrderAPI.setJobOrderRequest(java.io.File)" because "this.jobOrderAPI" is null
	at serenity.rest.starter@1.0.0-SNAPSHOT/step_definitions.jobOrder.jobOrder.validDataJSONJobOrderRequest(jobOrder.java:19)
	at ✽.Valid Data JSON Job Order Request(classpath:features//jobOrder/jobOrder.feature:4)
&amp#27;[0m
  &amp#27;[36mWhen &amp#27;[0m&amp#27;[36mSend request post Job Order Request&amp#27;[0m                          &amp#27;[90m# step_definitions.jobOrder.jobOrder.sendRequestPostJobOrderRequest()&amp#27;[0m
  &amp#27;[36mThen &amp#27;[0m&amp#27;[36mthe response status code should be &amp#27;[0m&amp#27;[36m&amp#27;[1m201&amp#27;[0m&amp#27;[36m Created&amp#27;[0m               &amp#27;[90m# step_definitions.utills.responseStatusCode.theResponseStatusCodeShouldBeCreated(int)&amp#27;[0m
  &amp#27;[36mWhen &amp#27;[0m&amp#27;[36mSend request method to GET path to Job Order Request Revised&amp#27;[0m &amp#27;[90m# step_definitions.jobOrder.jobOrder.sendRequestMethodToGETPathToJobOrderRequestRevised()&amp#27;[0m
  &amp#27;[36mThen &amp#27;[0m&amp#27;[36mthe response status code should be &amp#27;[0m&amp#27;[36m&amp#27;[1m200&amp#27;[0m&amp#27;[36m OK&amp#27;[0m                    &amp#27;[90m# step_definitions.utills.responseStatusCode.theResponseStatusCodeShouldBeOK(int)&amp#27;[0m
  &amp#27;[36mAnd &amp#27;[0m&amp#27;[36mValidate json schema response Job Order Request Revised&amp#27;[0m       &amp#27;[90m# step_definitions.jobOrder.jobOrder.validateJsonSchemaResponseJobOrderRequestRevised()&amp#27;[0m
]]></system-out>
  </testcase>
  <testcase name="JOR 007 - Job Order Request In Progress" classname="Job Order Request" time="0.009">
    <error message="Cannot invoke &quot;pageObjectAPI.jobOrder.jobOrderAPI.setJobOrderRequest(java.io.File)&quot; because &quot;this.jobOrderAPI&quot; is null" type="java.lang.NullPointerException"><![CDATA[java.lang.NullPointerException: Cannot invoke "pageObjectAPI.jobOrder.jobOrderAPI.setJobOrderRequest(java.io.File)" because "this.jobOrderAPI" is null
]]></error>
    <system-out><![CDATA[
@recruitment @JOR
Scenario: JOR 007 - Job Order Request In Progress                       &amp#27;[90m# features//jobOrder/jobOrder.feature:33&amp#27;[0m
16:13:03.526 [pool-2-thread-1] INFO io.cucumber.core.plugin.SerenityReporter - Running feature from classpath:features//jobOrder/jobOrder.feature
16:13:03.527 [pool-2-thread-1] INFO  - 
  _____   ___   ___   _____     ___   _____     _     ___   _____   ___   ___  
 |_   _| | __| / __| |_   _|   / __| |_   _|   /_\   | _ \ |_   _| | __| |   \ 
   | |   | _|  \__ \   | |     \__ \   | |    / _ \  |   /   | |   | _|  | |) |
   |_|   |___| |___/   |_|     |___/   |_|   /_/ \_\ |_|_\   |_|   |___| |___/ 

JOR 007 - Job Order Request In Progress(job-order-request;jor-007---job-order-request-in-progress)
--------------------------------------------------------------------------------
  &amp#27;[31mGiven &amp#27;[0m&amp#27;[31mValid Data JSON Job Order Request&amp#27;[0m                               &amp#27;[90m# step_definitions.jobOrder.jobOrder.validDataJSONJobOrderRequest()&amp#27;[0m
      &amp#27;[31mjava.lang.NullPointerException: Cannot invoke "pageObjectAPI.jobOrder.jobOrderAPI.setJobOrderRequest(java.io.File)" because "this.jobOrderAPI" is null
	at serenity.rest.starter@1.0.0-SNAPSHOT/step_definitions.jobOrder.jobOrder.validDataJSONJobOrderRequest(jobOrder.java:19)
	at ✽.Valid Data JSON Job Order Request(classpath:features//jobOrder/jobOrder.feature:4)
&amp#27;[0m
  &amp#27;[36mWhen &amp#27;[0m&amp#27;[36mSend request post Job Order Request&amp#27;[0m                              &amp#27;[90m# step_definitions.jobOrder.jobOrder.sendRequestPostJobOrderRequest()&amp#27;[0m
  &amp#27;[36mThen &amp#27;[0m&amp#27;[36mthe response status code should be &amp#27;[0m&amp#27;[36m&amp#27;[1m201&amp#27;[0m&amp#27;[36m Created&amp#27;[0m                   &amp#27;[90m# step_definitions.utills.responseStatusCode.theResponseStatusCodeShouldBeCreated(int)&amp#27;[0m
  &amp#27;[36mWhen &amp#27;[0m&amp#27;[36mSend request method to GET path to Job Order Request In Progress&amp#27;[0m &amp#27;[90m# step_definitions.jobOrder.jobOrder.sendRequestMethodToGETPathToJobOrderRequestInProgress()&amp#27;[0m
  &amp#27;[36mThen &amp#27;[0m&amp#27;[36mthe response status code should be &amp#27;[0m&amp#27;[36m&amp#27;[1m200&amp#27;[0m&amp#27;[36m OK&amp#27;[0m                        &amp#27;[90m# step_definitions.utills.responseStatusCode.theResponseStatusCodeShouldBeOK(int)&amp#27;[0m
  &amp#27;[36mAnd &amp#27;[0m&amp#27;[36mValidate json schema response Job Order Request In Progress&amp#27;[0m       &amp#27;[90m# step_definitions.jobOrder.jobOrder.validateJsonSchemaResponseJobOrderRequestInProgress()&amp#27;[0m
]]></system-out>
  </testcase>
  <testcase name="JOR 008 - Job Order Request In History Approval" classname="Job Order Request" time="0.008">
    <error message="Cannot invoke &quot;pageObjectAPI.jobOrder.jobOrderAPI.setJobOrderRequest(java.io.File)&quot; because &quot;this.jobOrderAPI&quot; is null" type="java.lang.NullPointerException"><![CDATA[java.lang.NullPointerException: Cannot invoke "pageObjectAPI.jobOrder.jobOrderAPI.setJobOrderRequest(java.io.File)" because "this.jobOrderAPI" is null
]]></error>
    <system-out><![CDATA[
@recruitment @JOR
Scenario: JOR 008 - Job Order Request In History Approval                       &amp#27;[90m# features//jobOrder/jobOrder.feature:38&amp#27;[0m
16:13:03.537 [pool-2-thread-1] INFO io.cucumber.core.plugin.SerenityReporter - Running feature from classpath:features//jobOrder/jobOrder.feature
16:13:03.537 [pool-2-thread-1] INFO  - 
  _____   ___   ___   _____     ___   _____     _     ___   _____   ___   ___  
 |_   _| | __| / __| |_   _|   / __| |_   _|   /_\   | _ \ |_   _| | __| |   \ 
   | |   | _|  \__ \   | |     \__ \   | |    / _ \  |   /   | |   | _|  | |) |
   |_|   |___| |___/   |_|     |___/   |_|   /_/ \_\ |_|_\   |_|   |___| |___/ 

JOR 008 - Job Order Request In History Approval(job-order-request;jor-008---job-order-request-in-history-approval)
--------------------------------------------------------------------------------
  &amp#27;[31mGiven &amp#27;[0m&amp#27;[31mValid Data JSON Job Order Request&amp#27;[0m                                       &amp#27;[90m# step_definitions.jobOrder.jobOrder.validDataJSONJobOrderRequest()&amp#27;[0m
      &amp#27;[31mjava.lang.NullPointerException: Cannot invoke "pageObjectAPI.jobOrder.jobOrderAPI.setJobOrderRequest(java.io.File)" because "this.jobOrderAPI" is null
	at serenity.rest.starter@1.0.0-SNAPSHOT/step_definitions.jobOrder.jobOrder.validDataJSONJobOrderRequest(jobOrder.java:19)
	at ✽.Valid Data JSON Job Order Request(classpath:features//jobOrder/jobOrder.feature:4)
&amp#27;[0m
  &amp#27;[36mWhen &amp#27;[0m&amp#27;[36mSend request post Job Order Request&amp#27;[0m                                      &amp#27;[90m# step_definitions.jobOrder.jobOrder.sendRequestPostJobOrderRequest()&amp#27;[0m
  &amp#27;[36mThen &amp#27;[0m&amp#27;[36mthe response status code should be &amp#27;[0m&amp#27;[36m&amp#27;[1m201&amp#27;[0m&amp#27;[36m Created&amp#27;[0m                           &amp#27;[90m# step_definitions.utills.responseStatusCode.theResponseStatusCodeShouldBeCreated(int)&amp#27;[0m
  &amp#27;[36mWhen &amp#27;[0m&amp#27;[36mSend request method to GET path to Job Order Request In History Approval&amp#27;[0m &amp#27;[90m# step_definitions.jobOrder.jobOrder.sendRequestMethodToGETPathToJobOrderRequestInHistoryApproval()&amp#27;[0m
  &amp#27;[36mThen &amp#27;[0m&amp#27;[36mthe response status code should be &amp#27;[0m&amp#27;[36m&amp#27;[1m200&amp#27;[0m&amp#27;[36m OK&amp#27;[0m                                &amp#27;[90m# step_definitions.utills.responseStatusCode.theResponseStatusCodeShouldBeOK(int)&amp#27;[0m
  &amp#27;[36mAnd &amp#27;[0m&amp#27;[36mValidate json schema response Job Order Request In History Approval&amp#27;[0m       &amp#27;[90m# step_definitions.jobOrder.jobOrder.validateJsonSchemaResponseJobOrderRequestInHistoryApproval()&amp#27;[0m
]]></system-out>
  </testcase>
  <testcase name="JOR 009 - Job Order Request In History Rejected" classname="Job Order Request" time="0.009">
    <error message="Cannot invoke &quot;pageObjectAPI.jobOrder.jobOrderAPI.setJobOrderRequest(java.io.File)&quot; because &quot;this.jobOrderAPI&quot; is null" type="java.lang.NullPointerException"><![CDATA[java.lang.NullPointerException: Cannot invoke "pageObjectAPI.jobOrder.jobOrderAPI.setJobOrderRequest(java.io.File)" because "this.jobOrderAPI" is null
]]></error>
    <system-out><![CDATA[
@recruitment @JOR
Scenario: JOR 009 - Job Order Request In History Rejected                       &amp#27;[90m# features//jobOrder/jobOrder.feature:43&amp#27;[0m
16:13:03.546 [pool-2-thread-1] INFO io.cucumber.core.plugin.SerenityReporter - Running feature from classpath:features//jobOrder/jobOrder.feature
16:13:03.546 [pool-2-thread-1] INFO  - 
  _____   ___   ___   _____     ___   _____     _     ___   _____   ___   ___  
 |_   _| | __| / __| |_   _|   / __| |_   _|   /_\   | _ \ |_   _| | __| |   \ 
   | |   | _|  \__ \   | |     \__ \   | |    / _ \  |   /   | |   | _|  | |) |
   |_|   |___| |___/   |_|     |___/   |_|   /_/ \_\ |_|_\   |_|   |___| |___/ 

JOR 009 - Job Order Request In History Rejected(job-order-request;jor-009---job-order-request-in-history-rejected)
--------------------------------------------------------------------------------
  &amp#27;[31mGiven &amp#27;[0m&amp#27;[31mValid Data JSON Job Order Request&amp#27;[0m                                       &amp#27;[90m# step_definitions.jobOrder.jobOrder.validDataJSONJobOrderRequest()&amp#27;[0m
      &amp#27;[31mjava.lang.NullPointerException: Cannot invoke "pageObjectAPI.jobOrder.jobOrderAPI.setJobOrderRequest(java.io.File)" because "this.jobOrderAPI" is null
	at serenity.rest.starter@1.0.0-SNAPSHOT/step_definitions.jobOrder.jobOrder.validDataJSONJobOrderRequest(jobOrder.java:19)
	at ✽.Valid Data JSON Job Order Request(classpath:features//jobOrder/jobOrder.feature:4)
&amp#27;[0m
  &amp#27;[36mWhen &amp#27;[0m&amp#27;[36mSend request post Job Order Request&amp#27;[0m                                      &amp#27;[90m# step_definitions.jobOrder.jobOrder.sendRequestPostJobOrderRequest()&amp#27;[0m
  &amp#27;[36mThen &amp#27;[0m&amp#27;[36mthe response status code should be &amp#27;[0m&amp#27;[36m&amp#27;[1m201&amp#27;[0m&amp#27;[36m Created&amp#27;[0m                           &amp#27;[90m# step_definitions.utills.responseStatusCode.theResponseStatusCodeShouldBeCreated(int)&amp#27;[0m
  &amp#27;[36mWhen &amp#27;[0m&amp#27;[36mSend request method to GET path to Job Order Request In History Rejected&amp#27;[0m &amp#27;[90m# step_definitions.jobOrder.jobOrder.sendRequestMethodToGETPathToJobOrderRequestInHistoryRejected()&amp#27;[0m
  &amp#27;[36mThen &amp#27;[0m&amp#27;[36mthe response status code should be &amp#27;[0m&amp#27;[36m&amp#27;[1m200&amp#27;[0m&amp#27;[36m OK&amp#27;[0m                                &amp#27;[90m# step_definitions.utills.responseStatusCode.theResponseStatusCodeShouldBeOK(int)&amp#27;[0m
  &amp#27;[36mAnd &amp#27;[0m&amp#27;[36mValidate json schema response Job Order Request In History Rejected&amp#27;[0m       &amp#27;[90m# step_definitions.jobOrder.jobOrder.validateJsonSchemaResponseJobOrderRequestInHistoryRejected()&amp#27;[0m
]]></system-out>
  </testcase>
  <testcase name="JOR 010 - Job Order Request In History Revised" classname="Job Order Request" time="0.008">
    <error message="Cannot invoke &quot;pageObjectAPI.jobOrder.jobOrderAPI.setJobOrderRequest(java.io.File)&quot; because &quot;this.jobOrderAPI&quot; is null" type="java.lang.NullPointerException"><![CDATA[java.lang.NullPointerException: Cannot invoke "pageObjectAPI.jobOrder.jobOrderAPI.setJobOrderRequest(java.io.File)" because "this.jobOrderAPI" is null
]]></error>
    <system-out><![CDATA[
@recruitment @JOR
Scenario: JOR 010 - Job Order Request In History Revised                       &amp#27;[90m# features//jobOrder/jobOrder.feature:48&amp#27;[0m
16:13:03.556 [pool-2-thread-1] INFO io.cucumber.core.plugin.SerenityReporter - Running feature from classpath:features//jobOrder/jobOrder.feature
16:13:03.556 [pool-2-thread-1] INFO  - 
  _____   ___   ___   _____     ___   _____     _     ___   _____   ___   ___  
 |_   _| | __| / __| |_   _|   / __| |_   _|   /_\   | _ \ |_   _| | __| |   \ 
   | |   | _|  \__ \   | |     \__ \   | |    / _ \  |   /   | |   | _|  | |) |
   |_|   |___| |___/   |_|     |___/   |_|   /_/ \_\ |_|_\   |_|   |___| |___/ 

JOR 010 - Job Order Request In History Revised(job-order-request;jor-010---job-order-request-in-history-revised)
--------------------------------------------------------------------------------
  &amp#27;[31mGiven &amp#27;[0m&amp#27;[31mValid Data JSON Job Order Request&amp#27;[0m                                      &amp#27;[90m# step_definitions.jobOrder.jobOrder.validDataJSONJobOrderRequest()&amp#27;[0m
      &amp#27;[31mjava.lang.NullPointerException: Cannot invoke "pageObjectAPI.jobOrder.jobOrderAPI.setJobOrderRequest(java.io.File)" because "this.jobOrderAPI" is null
	at serenity.rest.starter@1.0.0-SNAPSHOT/step_definitions.jobOrder.jobOrder.validDataJSONJobOrderRequest(jobOrder.java:19)
	at ✽.Valid Data JSON Job Order Request(classpath:features//jobOrder/jobOrder.feature:4)
&amp#27;[0m
  &amp#27;[36mWhen &amp#27;[0m&amp#27;[36mSend request post Job Order Request&amp#27;[0m                                     &amp#27;[90m# step_definitions.jobOrder.jobOrder.sendRequestPostJobOrderRequest()&amp#27;[0m
  &amp#27;[36mThen &amp#27;[0m&amp#27;[36mthe response status code should be &amp#27;[0m&amp#27;[36m&amp#27;[1m201&amp#27;[0m&amp#27;[36m Created&amp#27;[0m                          &amp#27;[90m# step_definitions.utills.responseStatusCode.theResponseStatusCodeShouldBeCreated(int)&amp#27;[0m
  &amp#27;[36mWhen &amp#27;[0m&amp#27;[36mSend request method to GET path to Job Order Request In History Revised&amp#27;[0m &amp#27;[90m# step_definitions.jobOrder.jobOrder.sendRequestMethodToGETPathToJobOrderRequestInHistoryRevised()&amp#27;[0m
  &amp#27;[36mThen &amp#27;[0m&amp#27;[36mthe response status code should be &amp#27;[0m&amp#27;[36m&amp#27;[1m200&amp#27;[0m&amp#27;[36m OK&amp#27;[0m                               &amp#27;[90m# step_definitions.utills.responseStatusCode.theResponseStatusCodeShouldBeOK(int)&amp#27;[0m
  &amp#27;[36mAnd &amp#27;[0m&amp#27;[36mValidate json schema response Job Order Request In History Revised&amp#27;[0m       &amp#27;[90m# step_definitions.jobOrder.jobOrder.validateJsonSchemaResponseJobOrderRequestInHistoryRevised()&amp#27;[0m
]]></system-out>
  </testcase>
  <testcase name="JOR 011 - Cancel Job Order Request" classname="Job Order Request" time="0.011">
    <error message="Cannot invoke &quot;pageObjectAPI.jobOrder.jobOrderAPI.setJobOrderRequest(java.io.File)&quot; because &quot;this.jobOrderAPI&quot; is null" type="java.lang.NullPointerException"><![CDATA[java.lang.NullPointerException: Cannot invoke "pageObjectAPI.jobOrder.jobOrderAPI.setJobOrderRequest(java.io.File)" because "this.jobOrderAPI" is null
]]></error>
    <system-out><![CDATA[
@recruitment @JOR
Scenario: JOR 011 - Cancel Job Order Request                        &amp#27;[90m# features//jobOrder/jobOrder.feature:53&amp#27;[0m
16:13:03.564 [pool-2-thread-1] INFO io.cucumber.core.plugin.SerenityReporter - Running feature from classpath:features//jobOrder/jobOrder.feature
16:13:03.565 [pool-2-thread-1] INFO  - 
  _____   ___   ___   _____     ___   _____     _     ___   _____   ___   ___  
 |_   _| | __| / __| |_   _|   / __| |_   _|   /_\   | _ \ |_   _| | __| |   \ 
   | |   | _|  \__ \   | |     \__ \   | |    / _ \  |   /   | |   | _|  | |) |
   |_|   |___| |___/   |_|     |___/   |_|   /_/ \_\ |_|_\   |_|   |___| |___/ 

JOR 011 - Cancel Job Order Request(job-order-request;jor-011---cancel-job-order-request)
--------------------------------------------------------------------------------
  &amp#27;[31mGiven &amp#27;[0m&amp#27;[31mValid Data JSON Job Order Request&amp#27;[0m                           &amp#27;[90m# step_definitions.jobOrder.jobOrder.validDataJSONJobOrderRequest()&amp#27;[0m
      &amp#27;[31mjava.lang.NullPointerException: Cannot invoke "pageObjectAPI.jobOrder.jobOrderAPI.setJobOrderRequest(java.io.File)" because "this.jobOrderAPI" is null
	at serenity.rest.starter@1.0.0-SNAPSHOT/step_definitions.jobOrder.jobOrder.validDataJSONJobOrderRequest(jobOrder.java:19)
	at ✽.Valid Data JSON Job Order Request(classpath:features//jobOrder/jobOrder.feature:4)
&amp#27;[0m
  &amp#27;[36mWhen &amp#27;[0m&amp#27;[36mSend request post Job Order Request&amp#27;[0m                          &amp#27;[90m# step_definitions.jobOrder.jobOrder.sendRequestPostJobOrderRequest()&amp#27;[0m
  &amp#27;[36mThen &amp#27;[0m&amp#27;[36mthe response status code should be &amp#27;[0m&amp#27;[36m&amp#27;[1m201&amp#27;[0m&amp#27;[36m Created&amp#27;[0m               &amp#27;[90m# step_definitions.utills.responseStatusCode.theResponseStatusCodeShouldBeCreated(int)&amp#27;[0m
  &amp#27;[36mWhen &amp#27;[0m&amp#27;[36mSend request method to POST path to Cancel Job Order Request&amp#27;[0m &amp#27;[90m# step_definitions.jobOrder.jobOrder.sendRequestMethodToPOSTPathToCancelJobOrderRequest()&amp#27;[0m
  &amp#27;[36mThen &amp#27;[0m&amp#27;[36mthe response status code should be &amp#27;[0m&amp#27;[36m&amp#27;[1m200&amp#27;[0m&amp#27;[36m OK&amp#27;[0m                    &amp#27;[90m# step_definitions.utills.responseStatusCode.theResponseStatusCodeShouldBeOK(int)&amp#27;[0m
  &amp#27;[36mAnd &amp#27;[0m&amp#27;[36mValidate json schema response Cancel Job Order Request&amp#27;[0m        &amp#27;[90m# step_definitions.jobOrder.jobOrder.validateJsonSchemaResponseCancelJobOrderRequest()&amp#27;[0m
]]></system-out>
  </testcase>
  <testcase name="JOR 012 - Get One Job Order Request" classname="Job Order Request" time="0.007">
    <error message="Cannot invoke &quot;pageObjectAPI.jobOrder.jobOrderAPI.setJobOrderRequest(java.io.File)&quot; because &quot;this.jobOrderAPI&quot; is null" type="java.lang.NullPointerException"><![CDATA[java.lang.NullPointerException: Cannot invoke "pageObjectAPI.jobOrder.jobOrderAPI.setJobOrderRequest(java.io.File)" because "this.jobOrderAPI" is null
]]></error>
    <system-out><![CDATA[
@recruitment @JOR
Scenario: JOR 012 - Get One Job Order Request                       &amp#27;[90m# features//jobOrder/jobOrder.feature:59&amp#27;[0m
16:13:03.577 [pool-2-thread-1] INFO io.cucumber.core.plugin.SerenityReporter - Running feature from classpath:features//jobOrder/jobOrder.feature
16:13:03.577 [pool-2-thread-1] INFO  - 
  _____   ___   ___   _____     ___   _____     _     ___   _____   ___   ___  
 |_   _| | __| / __| |_   _|   / __| |_   _|   /_\   | _ \ |_   _| | __| |   \ 
   | |   | _|  \__ \   | |     \__ \   | |    / _ \  |   /   | |   | _|  | |) |
   |_|   |___| |___/   |_|     |___/   |_|   /_/ \_\ |_|_\   |_|   |___| |___/ 

JOR 012 - Get One Job Order Request(job-order-request;jor-012---get-one-job-order-request)
--------------------------------------------------------------------------------
  &amp#27;[31mGiven &amp#27;[0m&amp#27;[31mValid Data JSON Job Order Request&amp#27;[0m                           &amp#27;[90m# step_definitions.jobOrder.jobOrder.validDataJSONJobOrderRequest()&amp#27;[0m
      &amp#27;[31mjava.lang.NullPointerException: Cannot invoke "pageObjectAPI.jobOrder.jobOrderAPI.setJobOrderRequest(java.io.File)" because "this.jobOrderAPI" is null
	at serenity.rest.starter@1.0.0-SNAPSHOT/step_definitions.jobOrder.jobOrder.validDataJSONJobOrderRequest(jobOrder.java:19)
	at ✽.Valid Data JSON Job Order Request(classpath:features//jobOrder/jobOrder.feature:4)
&amp#27;[0m
  &amp#27;[36mWhen &amp#27;[0m&amp#27;[36mSend request post Job Order Request&amp#27;[0m                          &amp#27;[90m# step_definitions.jobOrder.jobOrder.sendRequestPostJobOrderRequest()&amp#27;[0m
  &amp#27;[36mThen &amp#27;[0m&amp#27;[36mthe response status code should be &amp#27;[0m&amp#27;[36m&amp#27;[1m201&amp#27;[0m&amp#27;[36m Created&amp#27;[0m               &amp#27;[90m# step_definitions.utills.responseStatusCode.theResponseStatusCodeShouldBeCreated(int)&amp#27;[0m
  &amp#27;[36mWhen &amp#27;[0m&amp#27;[36mSend request method to GET path to Get One Job Order Request&amp#27;[0m &amp#27;[90m# step_definitions.jobOrder.jobOrder.sendRequestMethodToGETPathToGetOneJobOrderRequest()&amp#27;[0m
  &amp#27;[36mThen &amp#27;[0m&amp#27;[36mthe response status code should be &amp#27;[0m&amp#27;[36m&amp#27;[1m200&amp#27;[0m&amp#27;[36m OK&amp#27;[0m                    &amp#27;[90m# step_definitions.utills.responseStatusCode.theResponseStatusCodeShouldBeOK(int)&amp#27;[0m
  &amp#27;[36mAnd &amp#27;[0m&amp#27;[36mValidate json schema response Get One Job Order Request&amp#27;[0m       &amp#27;[90m# step_definitions.jobOrder.jobOrder.validateJsonSchemaResponseGetOneJobOrderRequest()&amp#27;[0m
]]></system-out>
  </testcase>
  <testcase name="JOR 013 - List Job Posting" classname="Job Order Request" time="0.008">
    <error message="Cannot invoke &quot;pageObjectAPI.jobOrder.jobOrderAPI.setJobOrderRequest(java.io.File)&quot; because &quot;this.jobOrderAPI&quot; is null" type="java.lang.NullPointerException"><![CDATA[java.lang.NullPointerException: Cannot invoke "pageObjectAPI.jobOrder.jobOrderAPI.setJobOrderRequest(java.io.File)" because "this.jobOrderAPI" is null
]]></error>
    <system-out><![CDATA[
@recruitment @JOR
Scenario: JOR 013 - List Job Posting                       &amp#27;[90m# features//jobOrder/jobOrder.feature:64&amp#27;[0m
16:13:03.585 [pool-2-thread-1] INFO io.cucumber.core.plugin.SerenityReporter - Running feature from classpath:features//jobOrder/jobOrder.feature
16:13:03.586 [pool-2-thread-1] INFO  - 
  _____   ___   ___   _____     ___   _____     _     ___   _____   ___   ___  
 |_   _| | __| / __| |_   _|   / __| |_   _|   /_\   | _ \ |_   _| | __| |   \ 
   | |   | _|  \__ \   | |     \__ \   | |    / _ \  |   /   | |   | _|  | |) |
   |_|   |___| |___/   |_|     |___/   |_|   /_/ \_\ |_|_\   |_|   |___| |___/ 

JOR 013 - List Job Posting(job-order-request;jor-013---list-job-posting)
--------------------------------------------------------------------------------
  &amp#27;[31mGiven &amp#27;[0m&amp#27;[31mValid Data JSON Job Order Request&amp#27;[0m                  &amp#27;[90m# step_definitions.jobOrder.jobOrder.validDataJSONJobOrderRequest()&amp#27;[0m
      &amp#27;[31mjava.lang.NullPointerException: Cannot invoke "pageObjectAPI.jobOrder.jobOrderAPI.setJobOrderRequest(java.io.File)" because "this.jobOrderAPI" is null
	at serenity.rest.starter@1.0.0-SNAPSHOT/step_definitions.jobOrder.jobOrder.validDataJSONJobOrderRequest(jobOrder.java:19)
	at ✽.Valid Data JSON Job Order Request(classpath:features//jobOrder/jobOrder.feature:4)
&amp#27;[0m
  &amp#27;[36mWhen &amp#27;[0m&amp#27;[36mSend request post Job Order Request&amp#27;[0m                 &amp#27;[90m# step_definitions.jobOrder.jobOrder.sendRequestPostJobOrderRequest()&amp#27;[0m
  &amp#27;[36mThen &amp#27;[0m&amp#27;[36mthe response status code should be &amp#27;[0m&amp#27;[36m&amp#27;[1m201&amp#27;[0m&amp#27;[36m Created&amp#27;[0m      &amp#27;[90m# step_definitions.utills.responseStatusCode.theResponseStatusCodeShouldBeCreated(int)&amp#27;[0m
  &amp#27;[36mWhen &amp#27;[0m&amp#27;[36mSend request method to GET path to List Job Posting&amp#27;[0m &amp#27;[90m# step_definitions.jobOrder.jobOrder.sendRequestMethodToGETPathToListJobPosting()&amp#27;[0m
  &amp#27;[36mThen &amp#27;[0m&amp#27;[36mthe response status code should be &amp#27;[0m&amp#27;[36m&amp#27;[1m200&amp#27;[0m&amp#27;[36m OK&amp#27;[0m           &amp#27;[90m# step_definitions.utills.responseStatusCode.theResponseStatusCodeShouldBeOK(int)&amp#27;[0m
  &amp#27;[36mAnd &amp#27;[0m&amp#27;[36mValidate json schema response  List Job Posting&amp#27;[0m      &amp#27;[90m# step_definitions.jobOrder.jobOrder.validateJsonSchemaResponseListJobPosting()&amp#27;[0m
]]></system-out>
  </testcase>
  <testcase name="JOR 014 - List Request Approved" classname="Job Order Request" time="0.007">
    <error message="Cannot invoke &quot;pageObjectAPI.jobOrder.jobOrderAPI.setJobOrderRequest(java.io.File)&quot; because &quot;this.jobOrderAPI&quot; is null" type="java.lang.NullPointerException"><![CDATA[java.lang.NullPointerException: Cannot invoke "pageObjectAPI.jobOrder.jobOrderAPI.setJobOrderRequest(java.io.File)" because "this.jobOrderAPI" is null
]]></error>
    <system-out><![CDATA[
@recruitment @JOR
Scenario: JOR 014 - List Request Approved                       &amp#27;[90m# features//jobOrder/jobOrder.feature:69&amp#27;[0m
16:13:03.593 [pool-2-thread-1] INFO io.cucumber.core.plugin.SerenityReporter - Running feature from classpath:features//jobOrder/jobOrder.feature
16:13:03.594 [pool-2-thread-1] INFO  - 
  _____   ___   ___   _____     ___   _____     _     ___   _____   ___   ___  
 |_   _| | __| / __| |_   _|   / __| |_   _|   /_\   | _ \ |_   _| | __| |   \ 
   | |   | _|  \__ \   | |     \__ \   | |    / _ \  |   /   | |   | _|  | |) |
   |_|   |___| |___/   |_|     |___/   |_|   /_/ \_\ |_|_\   |_|   |___| |___/ 

JOR 014 - List Request Approved(job-order-request;jor-014---list-request-approved)
--------------------------------------------------------------------------------
  &amp#27;[31mGiven &amp#27;[0m&amp#27;[31mValid Data JSON Job Order Request&amp#27;[0m                       &amp#27;[90m# step_definitions.jobOrder.jobOrder.validDataJSONJobOrderRequest()&amp#27;[0m
      &amp#27;[31mjava.lang.NullPointerException: Cannot invoke "pageObjectAPI.jobOrder.jobOrderAPI.setJobOrderRequest(java.io.File)" because "this.jobOrderAPI" is null
	at serenity.rest.starter@1.0.0-SNAPSHOT/step_definitions.jobOrder.jobOrder.validDataJSONJobOrderRequest(jobOrder.java:19)
	at ✽.Valid Data JSON Job Order Request(classpath:features//jobOrder/jobOrder.feature:4)
&amp#27;[0m
  &amp#27;[36mWhen &amp#27;[0m&amp#27;[36mSend request post Job Order Request&amp#27;[0m                      &amp#27;[90m# step_definitions.jobOrder.jobOrder.sendRequestPostJobOrderRequest()&amp#27;[0m
  &amp#27;[36mThen &amp#27;[0m&amp#27;[36mthe response status code should be &amp#27;[0m&amp#27;[36m&amp#27;[1m201&amp#27;[0m&amp#27;[36m Created&amp#27;[0m           &amp#27;[90m# step_definitions.utills.responseStatusCode.theResponseStatusCodeShouldBeCreated(int)&amp#27;[0m
  &amp#27;[36mWhen &amp#27;[0m&amp#27;[36mSend request method to GET path to List Request Approved&amp#27;[0m &amp#27;[90m# step_definitions.jobOrder.jobOrder.sendRequestMethodToGETPathToListRequestApproved()&amp#27;[0m
  &amp#27;[36mThen &amp#27;[0m&amp#27;[36mthe response status code should be &amp#27;[0m&amp#27;[36m&amp#27;[1m200&amp#27;[0m&amp#27;[36m OK&amp#27;[0m                &amp#27;[90m# step_definitions.utills.responseStatusCode.theResponseStatusCodeShouldBeOK(int)&amp#27;[0m
  &amp#27;[36mAnd &amp#27;[0m&amp#27;[36mValidate json schema response List Request Approved&amp#27;[0m       &amp#27;[90m# step_definitions.jobOrder.jobOrder.validateJsonSchemaResponseListRequestApproved()&amp#27;[0m
]]></system-out>
  </testcase>
  <testcase name="JOR 015 - List Request Rejected" classname="Job Order Request" time="0.007">
    <error message="Cannot invoke &quot;pageObjectAPI.jobOrder.jobOrderAPI.setJobOrderRequest(java.io.File)&quot; because &quot;this.jobOrderAPI&quot; is null" type="java.lang.NullPointerException"><![CDATA[java.lang.NullPointerException: Cannot invoke "pageObjectAPI.jobOrder.jobOrderAPI.setJobOrderRequest(java.io.File)" because "this.jobOrderAPI" is null
]]></error>
    <system-out><![CDATA[
@recruitment @JOR
Scenario: JOR 015 - List Request Rejected                       &amp#27;[90m# features//jobOrder/jobOrder.feature:74&amp#27;[0m
16:13:03.602 [pool-2-thread-1] INFO io.cucumber.core.plugin.SerenityReporter - Running feature from classpath:features//jobOrder/jobOrder.feature
16:13:03.602 [pool-2-thread-1] INFO  - 
  _____   ___   ___   _____     ___   _____     _     ___   _____   ___   ___  
 |_   _| | __| / __| |_   _|   / __| |_   _|   /_\   | _ \ |_   _| | __| |   \ 
   | |   | _|  \__ \   | |     \__ \   | |    / _ \  |   /   | |   | _|  | |) |
   |_|   |___| |___/   |_|     |___/   |_|   /_/ \_\ |_|_\   |_|   |___| |___/ 

JOR 015 - List Request Rejected(job-order-request;jor-015---list-request-rejected)
--------------------------------------------------------------------------------
  &amp#27;[31mGiven &amp#27;[0m&amp#27;[31mValid Data JSON Job Order Request&amp#27;[0m                       &amp#27;[90m# step_definitions.jobOrder.jobOrder.validDataJSONJobOrderRequest()&amp#27;[0m
      &amp#27;[31mjava.lang.NullPointerException: Cannot invoke "pageObjectAPI.jobOrder.jobOrderAPI.setJobOrderRequest(java.io.File)" because "this.jobOrderAPI" is null
	at serenity.rest.starter@1.0.0-SNAPSHOT/step_definitions.jobOrder.jobOrder.validDataJSONJobOrderRequest(jobOrder.java:19)
	at ✽.Valid Data JSON Job Order Request(classpath:features//jobOrder/jobOrder.feature:4)
&amp#27;[0m
  &amp#27;[36mWhen &amp#27;[0m&amp#27;[36mSend request post Job Order Request&amp#27;[0m                      &amp#27;[90m# step_definitions.jobOrder.jobOrder.sendRequestPostJobOrderRequest()&amp#27;[0m
  &amp#27;[36mThen &amp#27;[0m&amp#27;[36mthe response status code should be &amp#27;[0m&amp#27;[36m&amp#27;[1m201&amp#27;[0m&amp#27;[36m Created&amp#27;[0m           &amp#27;[90m# step_definitions.utills.responseStatusCode.theResponseStatusCodeShouldBeCreated(int)&amp#27;[0m
  &amp#27;[36mWhen &amp#27;[0m&amp#27;[36mSend request method to GET path to List Request Rejected&amp#27;[0m &amp#27;[90m# step_definitions.jobOrder.jobOrder.sendRequestMethodToGETPathToListRequestRejected()&amp#27;[0m
  &amp#27;[36mThen &amp#27;[0m&amp#27;[36mthe response status code should be &amp#27;[0m&amp#27;[36m&amp#27;[1m200&amp#27;[0m&amp#27;[36m OK&amp#27;[0m                &amp#27;[90m# step_definitions.utills.responseStatusCode.theResponseStatusCodeShouldBeOK(int)&amp#27;[0m
  &amp#27;[36mAnd &amp#27;[0m&amp#27;[36mValidate json schema response List Request Rejected&amp#27;[0m       &amp#27;[90m# step_definitions.jobOrder.jobOrder.validateJsonSchemaResponseListRequestRejected()&amp#27;[0m
]]></system-out>
  </testcase>
  <testcase name="JOR 016 - List Request Revised" classname="Job Order Request" time="0.01">
    <error message="Cannot invoke &quot;pageObjectAPI.jobOrder.jobOrderAPI.setJobOrderRequest(java.io.File)&quot; because &quot;this.jobOrderAPI&quot; is null" type="java.lang.NullPointerException"><![CDATA[java.lang.NullPointerException: Cannot invoke "pageObjectAPI.jobOrder.jobOrderAPI.setJobOrderRequest(java.io.File)" because "this.jobOrderAPI" is null
]]></error>
    <system-out><![CDATA[
@recruitment @JOR
Scenario: JOR 016 - List Request Revised                       &amp#27;[90m# features//jobOrder/jobOrder.feature:79&amp#27;[0m
16:13:03.610 [pool-2-thread-1] INFO io.cucumber.core.plugin.SerenityReporter - Running feature from classpath:features//jobOrder/jobOrder.feature
16:13:03.610 [pool-2-thread-1] INFO  - 
  _____   ___   ___   _____     ___   _____     _     ___   _____   ___   ___  
 |_   _| | __| / __| |_   _|   / __| |_   _|   /_\   | _ \ |_   _| | __| |   \ 
   | |   | _|  \__ \   | |     \__ \   | |    / _ \  |   /   | |   | _|  | |) |
   |_|   |___| |___/   |_|     |___/   |_|   /_/ \_\ |_|_\   |_|   |___| |___/ 

JOR 016 - List Request Revised(job-order-request;jor-016---list-request-revised)
--------------------------------------------------------------------------------
  &amp#27;[31mGiven &amp#27;[0m&amp#27;[31mValid Data JSON Job Order Request&amp#27;[0m                      &amp#27;[90m# step_definitions.jobOrder.jobOrder.validDataJSONJobOrderRequest()&amp#27;[0m
      &amp#27;[31mjava.lang.NullPointerException: Cannot invoke "pageObjectAPI.jobOrder.jobOrderAPI.setJobOrderRequest(java.io.File)" because "this.jobOrderAPI" is null
	at serenity.rest.starter@1.0.0-SNAPSHOT/step_definitions.jobOrder.jobOrder.validDataJSONJobOrderRequest(jobOrder.java:19)
	at ✽.Valid Data JSON Job Order Request(classpath:features//jobOrder/jobOrder.feature:4)
&amp#27;[0m
  &amp#27;[36mWhen &amp#27;[0m&amp#27;[36mSend request post Job Order Request&amp#27;[0m                     &amp#27;[90m# step_definitions.jobOrder.jobOrder.sendRequestPostJobOrderRequest()&amp#27;[0m
  &amp#27;[36mThen &amp#27;[0m&amp#27;[36mthe response status code should be &amp#27;[0m&amp#27;[36m&amp#27;[1m201&amp#27;[0m&amp#27;[36m Created&amp#27;[0m          &amp#27;[90m# step_definitions.utills.responseStatusCode.theResponseStatusCodeShouldBeCreated(int)&amp#27;[0m
  &amp#27;[36mWhen &amp#27;[0m&amp#27;[36mSend request method to GET path to List Request Revised&amp#27;[0m &amp#27;[90m# step_definitions.jobOrder.jobOrder.sendRequestMethodToGETPathToListRequestRevised()&amp#27;[0m
  &amp#27;[36mThen &amp#27;[0m&amp#27;[36mthe response status code should be &amp#27;[0m&amp#27;[36m&amp#27;[1m200&amp#27;[0m&amp#27;[36m OK&amp#27;[0m               &amp#27;[90m# step_definitions.utills.responseStatusCode.theResponseStatusCodeShouldBeOK(int)&amp#27;[0m
  &amp#27;[36mAnd &amp#27;[0m&amp#27;[36mValidate json schema response List Request Revised&amp#27;[0m       &amp#27;[90m# step_definitions.jobOrder.jobOrder.validateJsonSchemaResponseListRequestRevised()&amp#27;[0m
]]></system-out>
  </testcase>
  <testcase name="JOR 017 - List Request InProgress" classname="Job Order Request" time="0.007">
    <error message="Cannot invoke &quot;pageObjectAPI.jobOrder.jobOrderAPI.setJobOrderRequest(java.io.File)&quot; because &quot;this.jobOrderAPI&quot; is null" type="java.lang.NullPointerException"><![CDATA[java.lang.NullPointerException: Cannot invoke "pageObjectAPI.jobOrder.jobOrderAPI.setJobOrderRequest(java.io.File)" because "this.jobOrderAPI" is null
]]></error>
    <system-out><![CDATA[
@recruitment @JOR
Scenario: JOR 017 - List Request InProgress                       &amp#27;[90m# features//jobOrder/jobOrder.feature:84&amp#27;[0m
16:13:03.620 [pool-2-thread-1] INFO io.cucumber.core.plugin.SerenityReporter - Running feature from classpath:features//jobOrder/jobOrder.feature
16:13:03.621 [pool-2-thread-1] INFO  - 
  _____   ___   ___   _____     ___   _____     _     ___   _____   ___   ___  
 |_   _| | __| / __| |_   _|   / __| |_   _|   /_\   | _ \ |_   _| | __| |   \ 
   | |   | _|  \__ \   | |     \__ \   | |    / _ \  |   /   | |   | _|  | |) |
   |_|   |___| |___/   |_|     |___/   |_|   /_/ \_\ |_|_\   |_|   |___| |___/ 

JOR 017 - List Request InProgress(job-order-request;jor-017---list-request-inprogress)
--------------------------------------------------------------------------------
  &amp#27;[31mGiven &amp#27;[0m&amp#27;[31mValid Data JSON Job Order Request&amp#27;[0m                         &amp#27;[90m# step_definitions.jobOrder.jobOrder.validDataJSONJobOrderRequest()&amp#27;[0m
      &amp#27;[31mjava.lang.NullPointerException: Cannot invoke "pageObjectAPI.jobOrder.jobOrderAPI.setJobOrderRequest(java.io.File)" because "this.jobOrderAPI" is null
	at serenity.rest.starter@1.0.0-SNAPSHOT/step_definitions.jobOrder.jobOrder.validDataJSONJobOrderRequest(jobOrder.java:19)
	at ✽.Valid Data JSON Job Order Request(classpath:features//jobOrder/jobOrder.feature:4)
&amp#27;[0m
  &amp#27;[36mWhen &amp#27;[0m&amp#27;[36mSend request post Job Order Request&amp#27;[0m                        &amp#27;[90m# step_definitions.jobOrder.jobOrder.sendRequestPostJobOrderRequest()&amp#27;[0m
  &amp#27;[36mThen &amp#27;[0m&amp#27;[36mthe response status code should be &amp#27;[0m&amp#27;[36m&amp#27;[1m201&amp#27;[0m&amp#27;[36m Created&amp#27;[0m             &amp#27;[90m# step_definitions.utills.responseStatusCode.theResponseStatusCodeShouldBeCreated(int)&amp#27;[0m
  &amp#27;[36mWhen &amp#27;[0m&amp#27;[36mSend request method to GET path to List Request InProgress&amp#27;[0m &amp#27;[90m# step_definitions.jobOrder.jobOrder.sendRequestMethodToGETPathToListRequestInProgress()&amp#27;[0m
  &amp#27;[36mThen &amp#27;[0m&amp#27;[36mthe response status code should be &amp#27;[0m&amp#27;[36m&amp#27;[1m200&amp#27;[0m&amp#27;[36m OK&amp#27;[0m                  &amp#27;[90m# step_definitions.utills.responseStatusCode.theResponseStatusCodeShouldBeOK(int)&amp#27;[0m
  &amp#27;[36mAnd &amp#27;[0m&amp#27;[36mValidate json schema response List Request InProgress&amp#27;[0m       &amp#27;[90m# step_definitions.jobOrder.jobOrder.validateJsonSchemaResponseListRequestInProgress()&amp#27;[0m
]]></system-out>
  </testcase>
  <testcase name="JOR 018 - List Request Draft" classname="Job Order Request" time="0.008">
    <error message="Cannot invoke &quot;pageObjectAPI.jobOrder.jobOrderAPI.setJobOrderRequest(java.io.File)&quot; because &quot;this.jobOrderAPI&quot; is null" type="java.lang.NullPointerException"><![CDATA[java.lang.NullPointerException: Cannot invoke "pageObjectAPI.jobOrder.jobOrderAPI.setJobOrderRequest(java.io.File)" because "this.jobOrderAPI" is null
]]></error>
    <system-out><![CDATA[
@recruitment @JOR
Scenario: JOR 018 - List Request Draft                       &amp#27;[90m# features//jobOrder/jobOrder.feature:89&amp#27;[0m
16:13:03.629 [pool-2-thread-1] INFO io.cucumber.core.plugin.SerenityReporter - Running feature from classpath:features//jobOrder/jobOrder.feature
16:13:03.629 [pool-2-thread-1] INFO  - 
  _____   ___   ___   _____     ___   _____     _     ___   _____   ___   ___  
 |_   _| | __| / __| |_   _|   / __| |_   _|   /_\   | _ \ |_   _| | __| |   \ 
   | |   | _|  \__ \   | |     \__ \   | |    / _ \  |   /   | |   | _|  | |) |
   |_|   |___| |___/   |_|     |___/   |_|   /_/ \_\ |_|_\   |_|   |___| |___/ 

JOR 018 - List Request Draft(job-order-request;jor-018---list-request-draft)
--------------------------------------------------------------------------------
  &amp#27;[31mGiven &amp#27;[0m&amp#27;[31mValid Data JSON Job Order Request&amp#27;[0m                    &amp#27;[90m# step_definitions.jobOrder.jobOrder.validDataJSONJobOrderRequest()&amp#27;[0m
      &amp#27;[31mjava.lang.NullPointerException: Cannot invoke "pageObjectAPI.jobOrder.jobOrderAPI.setJobOrderRequest(java.io.File)" because "this.jobOrderAPI" is null
	at serenity.rest.starter@1.0.0-SNAPSHOT/step_definitions.jobOrder.jobOrder.validDataJSONJobOrderRequest(jobOrder.java:19)
	at ✽.Valid Data JSON Job Order Request(classpath:features//jobOrder/jobOrder.feature:4)
&amp#27;[0m
  &amp#27;[36mWhen &amp#27;[0m&amp#27;[36mSend request post Job Order Request&amp#27;[0m                   &amp#27;[90m# step_definitions.jobOrder.jobOrder.sendRequestPostJobOrderRequest()&amp#27;[0m
  &amp#27;[36mThen &amp#27;[0m&amp#27;[36mthe response status code should be &amp#27;[0m&amp#27;[36m&amp#27;[1m201&amp#27;[0m&amp#27;[36m Created&amp#27;[0m        &amp#27;[90m# step_definitions.utills.responseStatusCode.theResponseStatusCodeShouldBeCreated(int)&amp#27;[0m
  &amp#27;[36mWhen &amp#27;[0m&amp#27;[36mSend request method to GET path to List Request Draft&amp#27;[0m &amp#27;[90m# step_definitions.jobOrder.jobOrder.sendRequestMethodToGETPathToListRequestDraft()&amp#27;[0m
  &amp#27;[36mThen &amp#27;[0m&amp#27;[36mthe response status code should be &amp#27;[0m&amp#27;[36m&amp#27;[1m200&amp#27;[0m&amp#27;[36m OK&amp#27;[0m             &amp#27;[90m# step_definitions.utills.responseStatusCode.theResponseStatusCodeShouldBeOK(int)&amp#27;[0m
  &amp#27;[36mAnd &amp#27;[0m&amp#27;[36mValidate json schema response List Request Draft&amp#27;[0m       &amp#27;[90m# step_definitions.jobOrder.jobOrder.validateJsonSchemaResponseListRequestDraft()&amp#27;[0m
]]></system-out>
  </testcase>
</testsuite>