<?xml version="1.0" encoding="UTF-8"?>
<testsuite xmlns:xsi="http://www.w3.org/2001/XMLSchema-instance" xsi:noNamespaceSchemaLocation="https://maven.apache.org/surefire/maven-failsafe-plugin/xsd/failsafe-test-report-3.0.xsd" version="3.0" name="Forgot Password" time="1.522" tests="2" errors="0" skipped="0" failures="1">
  <properties>
[...]
</properties>
  <testcase name="SG 005 - Forgot Password valid data" classname="Forgot Password" time="1.439">
    <system-out><![CDATA[16:13:03.468 [pool-2-thread-1] ERROR  - 
  _____   ___   ___   _____     ___   ___   ___    ___    ___ 
 |_   _| | __| / __| |_   _|   | __| | _ \ | _ \  / _ \  | _ \
   | |   | _|  \__ \   | |     | _|  |   / |   / | (_) | |   /
   |_|   |___| |___/   |_|     |___| |_|_\ |_|_\  \___/  |_|_\

JOR 002 - Update Job Order Request
---------------------------------------------------------------

16:13:03.468 [pool-2-thread-1] DEBUG  - RELATED ISSUES: 

16:13:03.468 [pool-2-thread-1] ERROR  -     Test failed at step: Given Valid Data JSON Job Order Request

16:13:03.468 [pool-2-thread-1] ERROR  -     Cannot invoke "pageObjectAPI.jobOrder.jobOrderAPI.setJobOrderRequest(java.io.File)" because "this.jobOrderAPI" is null

16:13:03.485 [pool-2-thread-1] ERROR  - 
  _____   ___   ___   _____     ___   ___   ___    ___    ___ 
 |_   _| | __| / __| |_   _|   | __| | _ \ | _ \  / _ \  | _ \
   | |   | _|  \__ \   | |     | _|  |   / |   / | (_) | |   /
   |_|   |___| |___/   |_|     |___| |_|_\ |_|_\  \___/  |_|_\

JOR 003 - Delete Job Order Request
---------------------------------------------------------------

16:13:03.485 [pool-2-thread-1] DEBUG  - RELATED ISSUES: 

16:13:03.485 [pool-2-thread-1] ERROR  -     Test failed at step: Given Valid Data JSON Job Order Request

16:13:03.485 [pool-2-thread-1] ERROR  -     Cannot invoke "pageObjectAPI.jobOrder.jobOrderAPI.setJobOrderRequest(java.io.File)" because "this.jobOrderAPI" is null

16:13:03.497 [pool-2-thread-1] ERROR  - 
  _____   ___   ___   _____     ___   ___   ___    ___    ___ 
 |_   _| | __| / __| |_   _|   | __| | _ \ | _ \  / _ \  | _ \
   | |   | _|  \__ \   | |     | _|  |   / |   / | (_) | |   /
   |_|   |___| |___/   |_|     |___| |_|_\ |_|_\  \___/  |_|_\

JOR 004 - Job Order Request Approval
---------------------------------------------------------------

16:13:03.497 [pool-2-thread-1] DEBUG  - RELATED ISSUES: 

16:13:03.497 [pool-2-thread-1] ERROR  -     Test failed at step: Given Valid Data JSON Job Order Request

16:13:03.497 [pool-2-thread-1] ERROR  -     Cannot invoke "pageObjectAPI.jobOrder.jobOrderAPI.setJobOrderRequest(java.io.File)" because "this.jobOrderAPI" is null

16:13:03.512 [pool-2-thread-1] ERROR  - 
  _____   ___   ___   _____     ___   ___   ___    ___    ___ 
 |_   _| | __| / __| |_   _|   | __| | _ \ | _ \  / _ \  | _ \
   | |   | _|  \__ \   | |     | _|  |   / |   / | (_) | |   /
   |_|   |___| |___/   |_|     |___| |_|_\ |_|_\  \___/  |_|_\

JOR 005 - Job Order Request Rejected
---------------------------------------------------------------

16:13:03.512 [pool-2-thread-1] DEBUG  - RELATED ISSUES: 

16:13:03.512 [pool-2-thread-1] ERROR  -     Test failed at step: Given Valid Data JSON Job Order Request

16:13:03.512 [pool-2-thread-1] ERROR  -     Cannot invoke "pageObjectAPI.jobOrder.jobOrderAPI.setJobOrderRequest(java.io.File)" because "this.jobOrderAPI" is null

16:13:03.523 [pool-2-thread-1] ERROR  - 
  _____   ___   ___   _____     ___   ___   ___    ___    ___ 
 |_   _| | __| / __| |_   _|   | __| | _ \ | _ \  / _ \  | _ \
   | |   | _|  \__ \   | |     | _|  |   / |   / | (_) | |   /
   |_|   |___| |___/   |_|     |___| |_|_\ |_|_\  \___/  |_|_\

JOR 006 - Job Order Request Revised
---------------------------------------------------------------

16:13:03.523 [pool-2-thread-1] DEBUG  - RELATED ISSUES: 

16:13:03.523 [pool-2-thread-1] ERROR  -     Test failed at step: Given Valid Data JSON Job Order Request

16:13:03.523 [pool-2-thread-1] ERROR  -     Cannot invoke "pageObjectAPI.jobOrder.jobOrderAPI.setJobOrderRequest(java.io.File)" because "this.jobOrderAPI" is null

16:13:03.533 [pool-2-thread-1] ERROR  - 
  _____   ___   ___   _____     ___   ___   ___    ___    ___ 
 |_   _| | __| / __| |_   _|   | __| | _ \ | _ \  / _ \  | _ \
   | |   | _|  \__ \   | |     | _|  |   / |   / | (_) | |   /
   |_|   |___| |___/   |_|     |___| |_|_\ |_|_\  \___/  |_|_\

JOR 007 - Job Order Request In Progress
---------------------------------------------------------------

16:13:03.533 [pool-2-thread-1] DEBUG  - RELATED ISSUES: 

16:13:03.533 [pool-2-thread-1] ERROR  -     Test failed at step: Given Valid Data JSON Job Order Request

16:13:03.533 [pool-2-thread-1] ERROR  -     Cannot invoke "pageObjectAPI.jobOrder.jobOrderAPI.setJobOrderRequest(java.io.File)" because "this.jobOrderAPI" is null

16:13:03.543 [pool-2-thread-1] ERROR  - 
  _____   ___   ___   _____     ___   ___   ___    ___    ___ 
 |_   _| | __| / __| |_   _|   | __| | _ \ | _ \  / _ \  | _ \
   | |   | _|  \__ \   | |     | _|  |   / |   / | (_) | |   /
   |_|   |___| |___/   |_|     |___| |_|_\ |_|_\  \___/  |_|_\

JOR 008 - Job Order Request In History Approval
---------------------------------------------------------------

16:13:03.543 [pool-2-thread-1] DEBUG  - RELATED ISSUES: 

16:13:03.543 [pool-2-thread-1] ERROR  -     Test failed at step: Given Valid Data JSON Job Order Request

16:13:03.543 [pool-2-thread-1] ERROR  -     Cannot invoke "pageObjectAPI.jobOrder.jobOrderAPI.setJobOrderRequest(java.io.File)" because "this.jobOrderAPI" is null

16:13:03.553 [pool-2-thread-1] ERROR  - 
  _____   ___   ___   _____     ___   ___   ___    ___    ___ 
 |_   _| | __| / __| |_   _|   | __| | _ \ | _ \  / _ \  | _ \
   | |   | _|  \__ \   | |     | _|  |   / |   / | (_) | |   /
   |_|   |___| |___/   |_|     |___| |_|_\ |_|_\  \___/  |_|_\

JOR 009 - Job Order Request In History Rejected
---------------------------------------------------------------

16:13:03.553 [pool-2-thread-1] DEBUG  - RELATED ISSUES: 

16:13:03.553 [pool-2-thread-1] ERROR  -     Test failed at step: Given Valid Data JSON Job Order Request

16:13:03.553 [pool-2-thread-1] ERROR  -     Cannot invoke "pageObjectAPI.jobOrder.jobOrderAPI.setJobOrderRequest(java.io.File)" because "this.jobOrderAPI" is null

16:13:03.561 [pool-2-thread-1] ERROR  - 
  _____   ___   ___   _____     ___   ___   ___    ___    ___ 
 |_   _| | __| / __| |_   _|   | __| | _ \ | _ \  / _ \  | _ \
   | |   | _|  \__ \   | |     | _|  |   / |   / | (_) | |   /
   |_|   |___| |___/   |_|     |___| |_|_\ |_|_\  \___/  |_|_\

JOR 010 - Job Order Request In History Revised
---------------------------------------------------------------

16:13:03.561 [pool-2-thread-1] DEBUG  - RELATED ISSUES: 

16:13:03.562 [pool-2-thread-1] ERROR  -     Test failed at step: Given Valid Data JSON Job Order Request

16:13:03.562 [pool-2-thread-1] ERROR  -     Cannot invoke "pageObjectAPI.jobOrder.jobOrderAPI.setJobOrderRequest(java.io.File)" because "this.jobOrderAPI" is null

16:13:03.574 [pool-2-thread-1] ERROR  - 
  _____   ___   ___   _____     ___   ___   ___    ___    ___ 
 |_   _| | __| / __| |_   _|   | __| | _ \ | _ \  / _ \  | _ \
   | |   | _|  \__ \   | |     | _|  |   / |   / | (_) | |   /
   |_|   |___| |___/   |_|     |___| |_|_\ |_|_\  \___/  |_|_\

JOR 011 - Cancel Job Order Request
---------------------------------------------------------------

16:13:03.574 [pool-2-thread-1] DEBUG  - RELATED ISSUES: 

16:13:03.574 [pool-2-thread-1] ERROR  -     Test failed at step: Given Valid Data JSON Job Order Request

16:13:03.574 [pool-2-thread-1] ERROR  -     Cannot invoke "pageObjectAPI.jobOrder.jobOrderAPI.setJobOrderRequest(java.io.File)" because "this.jobOrderAPI" is null

16:13:03.582 [pool-2-thread-1] ERROR  - 
  _____   ___   ___   _____     ___   ___   ___    ___    ___ 
 |_   _| | __| / __| |_   _|   | __| | _ \ | _ \  / _ \  | _ \
   | |   | _|  \__ \   | |     | _|  |   / |   / | (_) | |   /
   |_|   |___| |___/   |_|     |___| |_|_\ |_|_\  \___/  |_|_\

JOR 012 - Get One Job Order Request
---------------------------------------------------------------

16:13:03.582 [pool-2-thread-1] DEBUG  - RELATED ISSUES: 

16:13:03.583 [pool-2-thread-1] ERROR  -     Test failed at step: Given Valid Data JSON Job Order Request

16:13:03.583 [pool-2-thread-1] ERROR  -     Cannot invoke "pageObjectAPI.jobOrder.jobOrderAPI.setJobOrderRequest(java.io.File)" because "this.jobOrderAPI" is null

16:13:03.591 [pool-2-thread-1] ERROR  - 
  _____   ___   ___   _____     ___   ___   ___    ___    ___ 
 |_   _| | __| / __| |_   _|   | __| | _ \ | _ \  / _ \  | _ \
   | |   | _|  \__ \   | |     | _|  |   / |   / | (_) | |   /
   |_|   |___| |___/   |_|     |___| |_|_\ |_|_\  \___/  |_|_\

JOR 013 - List Job Posting
---------------------------------------------------------------

16:13:03.591 [pool-2-thread-1] DEBUG  - RELATED ISSUES: 

16:13:03.591 [pool-2-thread-1] ERROR  -     Test failed at step: Given Valid Data JSON Job Order Request

16:13:03.591 [pool-2-thread-1] ERROR  -     Cannot invoke "pageObjectAPI.jobOrder.jobOrderAPI.setJobOrderRequest(java.io.File)" because "this.jobOrderAPI" is null

16:13:03.599 [pool-2-thread-1] ERROR  - 
  _____   ___   ___   _____     ___   ___   ___    ___    ___ 
 |_   _| | __| / __| |_   _|   | __| | _ \ | _ \  / _ \  | _ \
   | |   | _|  \__ \   | |     | _|  |   / |   / | (_) | |   /
   |_|   |___| |___/   |_|     |___| |_|_\ |_|_\  \___/  |_|_\

JOR 014 - List Request Approved
---------------------------------------------------------------

16:13:03.599 [pool-2-thread-1] DEBUG  - RELATED ISSUES: 

16:13:03.599 [pool-2-thread-1] ERROR  -     Test failed at step: Given Valid Data JSON Job Order Request

16:13:03.599 [pool-2-thread-1] ERROR  -     Cannot invoke "pageObjectAPI.jobOrder.jobOrderAPI.setJobOrderRequest(java.io.File)" because "this.jobOrderAPI" is null

16:13:03.607 [pool-2-thread-1] ERROR  - 
  _____   ___   ___   _____     ___   ___   ___    ___    ___ 
 |_   _| | __| / __| |_   _|   | __| | _ \ | _ \  / _ \  | _ \
   | |   | _|  \__ \   | |     | _|  |   / |   / | (_) | |   /
   |_|   |___| |___/   |_|     |___| |_|_\ |_|_\  \___/  |_|_\

JOR 015 - List Request Rejected
---------------------------------------------------------------

16:13:03.607 [pool-2-thread-1] DEBUG  - RELATED ISSUES: 

16:13:03.607 [pool-2-thread-1] ERROR  -     Test failed at step: Given Valid Data JSON Job Order Request

16:13:03.607 [pool-2-thread-1] ERROR  -     Cannot invoke "pageObjectAPI.jobOrder.jobOrderAPI.setJobOrderRequest(java.io.File)" because "this.jobOrderAPI" is null

16:13:03.618 [pool-2-thread-1] ERROR  - 
  _____   ___   ___   _____     ___   ___   ___    ___    ___ 
 |_   _| | __| / __| |_   _|   | __| | _ \ | _ \  / _ \  | _ \
   | |   | _|  \__ \   | |     | _|  |   / |   / | (_) | |   /
   |_|   |___| |___/   |_|     |___| |_|_\ |_|_\  \___/  |_|_\

JOR 016 - List Request Revised
---------------------------------------------------------------

16:13:03.618 [pool-2-thread-1] DEBUG  - RELATED ISSUES: 

16:13:03.618 [pool-2-thread-1] ERROR  -     Test failed at step: Given Valid Data JSON Job Order Request

16:13:03.618 [pool-2-thread-1] ERROR  -     Cannot invoke "pageObjectAPI.jobOrder.jobOrderAPI.setJobOrderRequest(java.io.File)" because "this.jobOrderAPI" is null

16:13:03.626 [pool-2-thread-1] ERROR  - 
  _____   ___   ___   _____     ___   ___   ___    ___    ___ 
 |_   _| | __| / __| |_   _|   | __| | _ \ | _ \  / _ \  | _ \
   | |   | _|  \__ \   | |     | _|  |   / |   / | (_) | |   /
   |_|   |___| |___/   |_|     |___| |_|_\ |_|_\  \___/  |_|_\

JOR 017 - List Request InProgress
---------------------------------------------------------------

16:13:03.626 [pool-2-thread-1] DEBUG  - RELATED ISSUES: 

16:13:03.626 [pool-2-thread-1] ERROR  -     Test failed at step: Given Valid Data JSON Job Order Request

16:13:03.626 [pool-2-thread-1] ERROR  -     Cannot invoke "pageObjectAPI.jobOrder.jobOrderAPI.setJobOrderRequest(java.io.File)" because "this.jobOrderAPI" is null

16:13:03.635 [pool-2-thread-1] ERROR  - 
  _____   ___   ___   _____     ___   ___   ___    ___    ___ 
 |_   _| | __| / __| |_   _|   | __| | _ \ | _ \  / _ \  | _ \
   | |   | _|  \__ \   | |     | _|  |   / |   / | (_) | |   /
   |_|   |___| |___/   |_|     |___| |_|_\ |_|_\  \___/  |_|_\

JOR 018 - List Request Draft
---------------------------------------------------------------

16:13:03.635 [pool-2-thread-1] DEBUG  - RELATED ISSUES: 

16:13:03.635 [pool-2-thread-1] ERROR  -     Test failed at step: Given Valid Data JSON Job Order Request

16:13:03.635 [pool-2-thread-1] ERROR  -     Cannot invoke "pageObjectAPI.jobOrder.jobOrderAPI.setJobOrderRequest(java.io.File)" because "this.jobOrderAPI" is null



&amp#27;[31mFailed scenarios:&amp#27;[0m

classpath:features//auth/forgotPassword.feature:9 # SG 006 - Forgot Password invalid data unregister

classpath:features//jobOrder/jobOrder.feature:8 # JOR 002 - Update Job Order Request

classpath:features//jobOrder/jobOrder.feature:13 # JOR 003 - Delete Job Order Request

classpath:features//jobOrder/jobOrder.feature:18 # JOR 004 - Job Order Request Approval

classpath:features//jobOrder/jobOrder.feature:23 # JOR 005 - Job Order Request Rejected

classpath:features//jobOrder/jobOrder.feature:28 # JOR 006 - Job Order Request Revised

classpath:features//jobOrder/jobOrder.feature:33 # JOR 007 - Job Order Request In Progress

classpath:features//jobOrder/jobOrder.feature:38 # JOR 008 - Job Order Request In History Approval

classpath:features//jobOrder/jobOrder.feature:43 # JOR 009 - Job Order Request In History Rejected

classpath:features//jobOrder/jobOrder.feature:48 # JOR 010 - Job Order Request In History Revised

classpath:features//jobOrder/jobOrder.feature:53 # JOR 011 - Cancel Job Order Request

classpath:features//jobOrder/jobOrder.feature:59 # JOR 012 - Get One Job Order Request

classpath:features//jobOrder/jobOrder.feature:64 # JOR 013 - List Job Posting

classpath:features//jobOrder/jobOrder.feature:69 # JOR 014 - List Request Approved

classpath:features//jobOrder/jobOrder.feature:74 # JOR 015 - List Request Rejected

classpath:features//jobOrder/jobOrder.feature:79 # JOR 016 - List Request Revised

classpath:features//jobOrder/jobOrder.feature:84 # JOR 017 - List Request InProgress

classpath:features//jobOrder/jobOrder.feature:89 # JOR 018 - List Request Draft



23
 Scenarios (
&amp#27;[31m18 failed&amp#27;[0m
, 
&amp#27;[32m5 passed&amp#27;[0m
)

130
 Steps (
&amp#27;[31m18 failed&amp#27;[0m
, 
&amp#27;[36m85 skipped&amp#27;[0m
, 
&amp#27;[32m27 passed&amp#27;[0m
)

0m
2.705s





java.lang.AssertionError: 1 expectation failed.
Expected status code <404> but was <200>.


	at java.base/jdk.internal.reflect.NativeConstructorAccessorImpl.newInstance0(Native Method)

	at java.base/jdk.internal.reflect.NativeConstructorAccessorImpl.newInstance(NativeConstructorAccessorImpl.java:77)

	at java.base/jdk.internal.reflect.DelegatingConstructorAccessorImpl.newInstance(DelegatingConstructorAccessorImpl.java:45)

	at java.base/java.lang.reflect.Constructor.newInstanceWithCaller(Constructor.java:499)

	at java.base/java.lang.reflect.Constructor.newInstance(Constructor.java:480)

	at org.codehaus.groovy.reflection.CachedConstructor.invoke(CachedConstructor.java:72)

	at org.codehaus.groovy.runtime.callsite.ConstructorSite$ConstructorSiteNoUnwrapNoCoerce.callConstructor(ConstructorSite.java:105)

	at org.codehaus.groovy.runtime.callsite.CallSiteArray.defaultCallConstructor(CallSiteArray.java:59)

	at org.codehaus.groovy.runtime.callsite.AbstractCallSite.callConstructor(AbstractCallSite.java:263)

	at org.codehaus.groovy.runtime.callsite.AbstractCallSite.callConstructor(AbstractCallSite.java:277)

	at io.restassured.internal.ResponseSpecificationImpl$HamcrestAssertionClosure.validate(ResponseSpecificationImpl.groovy:493)

	at io.restassured.internal.ResponseSpecificationImpl$HamcrestAssertionClosure$validate$1.call(Unknown Source)

	at io.restassured.internal.ResponseSpecificationImpl.validateResponseIfRequired(ResponseSpecificationImpl.groovy:674)

	at java.base/jdk.internal.reflect.NativeMethodAccessorImpl.invoke0(Native Method)

	at java.base/jdk.internal.reflect.NativeMethodAccessorImpl.invoke(NativeMethodAccessorImpl.java:77)

	at java.base/jdk.internal.reflect.DelegatingMethodAccessorImpl.invoke(DelegatingMethodAccessorImpl.java:43)

	at java.base/java.lang.reflect.Method.invoke(Method.java:568)

	at org.codehaus.groovy.runtime.callsite.PlainObjectMetaMethodSite.doInvoke(PlainObjectMetaMethodSite.java:43)

	at org.codehaus.groovy.runtime.callsite.PogoMetaMethodSite$PogoCachedMethodSiteNoUnwrapNoCoerce.invoke(PogoMetaMethodSite.java:193)

	at org.codehaus.groovy.runtime.callsite.PogoMetaMethodSite.callCurrent(PogoMetaMethodSite.java:61)

	at org.codehaus.groovy.runtime.callsite.AbstractCallSite.callCurrent(AbstractCallSite.java:185)

	at io.restassured.internal.ResponseSpecificationImpl.statusCode(ResponseSpecificationImpl.groovy:126)

	at io.restassured.specification.ResponseSpecification$statusCode$0.callCurrent(Unknown Source)

	at io.restassured.internal.ResponseSpecificationImpl.statusCode(ResponseSpecificationImpl.groovy:134)

	at io.restassured.internal.ValidatableResponseOptionsImpl.statusCode(ValidatableResponseOptionsImpl.java:89)

	at io.restassured.internal.ValidatableResponseImpl.super$2$statusCode(ValidatableResponseImpl.groovy)

	at java.base/jdk.internal.reflect.NativeMethodAccessorImpl.invoke0(Native Method)

	at java.base/jdk.internal.reflect.NativeMethodAccessorImpl.invoke(NativeMethodAccessorImpl.java:77)

	at java.base/jdk.internal.reflect.DelegatingMethodAccessorImpl.invoke(DelegatingMethodAccessorImpl.java:43)

	at java.base/java.lang.reflect.Method.invoke(Method.java:568)

	at org.codehaus.groovy.reflection.CachedMethod.invoke(CachedMethod.java:107)

	at groovy.lang.MetaMethod.doMethodInvoke(MetaMethod.java:323)

	at groovy.lang.MetaClassImpl.invokeMethod(MetaClassImpl.java:1267)

	at org.codehaus.groovy.runtime.ScriptBytecodeAdapter.invokeMethodOnSuperN(ScriptBytecodeAdapter.java:144)

	at io.restassured.internal.ValidatableResponseImpl.statusCode(ValidatableResponseImpl.groovy:142)

	at io.restassured.internal.ValidatableResponseImpl.statusCode(ValidatableResponseImpl.groovy)

	at serenity.rest.starter@1.0.0-SNAPSHOT/step_definitions.utills.responseStatusCode.theResponseStatusCodeShouldBeNotFound(responseStatusCode.java:29)

	at ✽.the response status code should be 404 Not Found(classpath:features//auth/forgotPassword.feature:12)



java.lang.NullPointerException: Cannot invoke "pageObjectAPI.jobOrder.jobOrderAPI.setJobOrderRequest(java.io.File)" because "this.jobOrderAPI" is null

	at serenity.rest.starter@1.0.0-SNAPSHOT/step_definitions.jobOrder.jobOrder.validDataJSONJobOrderRequest(jobOrder.java:19)

	at ✽.Valid Data JSON Job Order Request(classpath:features//jobOrder/jobOrder.feature:4)



java.lang.NullPointerException: Cannot invoke "pageObjectAPI.jobOrder.jobOrderAPI.setJobOrderRequest(java.io.File)" because "this.jobOrderAPI" is null

	at serenity.rest.starter@1.0.0-SNAPSHOT/step_definitions.jobOrder.jobOrder.validDataJSONJobOrderRequest(jobOrder.java:19)

	at ✽.Valid Data JSON Job Order Request(classpath:features//jobOrder/jobOrder.feature:4)



java.lang.NullPointerException: Cannot invoke "pageObjectAPI.jobOrder.jobOrderAPI.setJobOrderRequest(java.io.File)" because "this.jobOrderAPI" is null

	at serenity.rest.starter@1.0.0-SNAPSHOT/step_definitions.jobOrder.jobOrder.validDataJSONJobOrderRequest(jobOrder.java:19)

	at ✽.Valid Data JSON Job Order Request(classpath:features//jobOrder/jobOrder.feature:4)



java.lang.NullPointerException: Cannot invoke "pageObjectAPI.jobOrder.jobOrderAPI.setJobOrderRequest(java.io.File)" because "this.jobOrderAPI" is null

	at serenity.rest.starter@1.0.0-SNAPSHOT/step_definitions.jobOrder.jobOrder.validDataJSONJobOrderRequest(jobOrder.java:19)

	at ✽.Valid Data JSON Job Order Request(classpath:features//jobOrder/jobOrder.feature:4)



java.lang.NullPointerException: Cannot invoke "pageObjectAPI.jobOrder.jobOrderAPI.setJobOrderRequest(java.io.File)" because "this.jobOrderAPI" is null

	at serenity.rest.starter@1.0.0-SNAPSHOT/step_definitions.jobOrder.jobOrder.validDataJSONJobOrderRequest(jobOrder.java:19)

	at ✽.Valid Data JSON Job Order Request(classpath:features//jobOrder/jobOrder.feature:4)



java.lang.NullPointerException: Cannot invoke "pageObjectAPI.jobOrder.jobOrderAPI.setJobOrderRequest(java.io.File)" because "this.jobOrderAPI" is null

	at serenity.rest.starter@1.0.0-SNAPSHOT/step_definitions.jobOrder.jobOrder.validDataJSONJobOrderRequest(jobOrder.java:19)

	at ✽.Valid Data JSON Job Order Request(classpath:features//jobOrder/jobOrder.feature:4)



java.lang.NullPointerException: Cannot invoke "pageObjectAPI.jobOrder.jobOrderAPI.setJobOrderRequest(java.io.File)" because "this.jobOrderAPI" is null

	at serenity.rest.starter@1.0.0-SNAPSHOT/step_definitions.jobOrder.jobOrder.validDataJSONJobOrderRequest(jobOrder.java:19)

	at ✽.Valid Data JSON Job Order Request(classpath:features//jobOrder/jobOrder.feature:4)



java.lang.NullPointerException: Cannot invoke "pageObjectAPI.jobOrder.jobOrderAPI.setJobOrderRequest(java.io.File)" because "this.jobOrderAPI" is null

	at serenity.rest.starter@1.0.0-SNAPSHOT/step_definitions.jobOrder.jobOrder.validDataJSONJobOrderRequest(jobOrder.java:19)

	at ✽.Valid Data JSON Job Order Request(classpath:features//jobOrder/jobOrder.feature:4)



java.lang.NullPointerException: Cannot invoke "pageObjectAPI.jobOrder.jobOrderAPI.setJobOrderRequest(java.io.File)" because "this.jobOrderAPI" is null

	at serenity.rest.starter@1.0.0-SNAPSHOT/step_definitions.jobOrder.jobOrder.validDataJSONJobOrderRequest(jobOrder.java:19)

	at ✽.Valid Data JSON Job Order Request(classpath:features//jobOrder/jobOrder.feature:4)



java.lang.NullPointerException: Cannot invoke "pageObjectAPI.jobOrder.jobOrderAPI.setJobOrderRequest(java.io.File)" because "this.jobOrderAPI" is null

	at serenity.rest.starter@1.0.0-SNAPSHOT/step_definitions.jobOrder.jobOrder.validDataJSONJobOrderRequest(jobOrder.java:19)

	at ✽.Valid Data JSON Job Order Request(classpath:features//jobOrder/jobOrder.feature:4)



java.lang.NullPointerException: Cannot invoke "pageObjectAPI.jobOrder.jobOrderAPI.setJobOrderRequest(java.io.File)" because "this.jobOrderAPI" is null

	at serenity.rest.starter@1.0.0-SNAPSHOT/step_definitions.jobOrder.jobOrder.validDataJSONJobOrderRequest(jobOrder.java:19)

	at ✽.Valid Data JSON Job Order Request(classpath:features//jobOrder/jobOrder.feature:4)



java.lang.NullPointerException: Cannot invoke "pageObjectAPI.jobOrder.jobOrderAPI.setJobOrderRequest(java.io.File)" because "this.jobOrderAPI" is null

	at serenity.rest.starter@1.0.0-SNAPSHOT/step_definitions.jobOrder.jobOrder.validDataJSONJobOrderRequest(jobOrder.java:19)

	at ✽.Valid Data JSON Job Order Request(classpath:features//jobOrder/jobOrder.feature:4)



java.lang.NullPointerException: Cannot invoke "pageObjectAPI.jobOrder.jobOrderAPI.setJobOrderRequest(java.io.File)" because "this.jobOrderAPI" is null

	at serenity.rest.starter@1.0.0-SNAPSHOT/step_definitions.jobOrder.jobOrder.validDataJSONJobOrderRequest(jobOrder.java:19)

	at ✽.Valid Data JSON Job Order Request(classpath:features//jobOrder/jobOrder.feature:4)



java.lang.NullPointerException: Cannot invoke "pageObjectAPI.jobOrder.jobOrderAPI.setJobOrderRequest(java.io.File)" because "this.jobOrderAPI" is null

	at serenity.rest.starter@1.0.0-SNAPSHOT/step_definitions.jobOrder.jobOrder.validDataJSONJobOrderRequest(jobOrder.java:19)

	at ✽.Valid Data JSON Job Order Request(classpath:features//jobOrder/jobOrder.feature:4)



java.lang.NullPointerException: Cannot invoke "pageObjectAPI.jobOrder.jobOrderAPI.setJobOrderRequest(java.io.File)" because "this.jobOrderAPI" is null

	at serenity.rest.starter@1.0.0-SNAPSHOT/step_definitions.jobOrder.jobOrder.validDataJSONJobOrderRequest(jobOrder.java:19)

	at ✽.Valid Data JSON Job Order Request(classpath:features//jobOrder/jobOrder.feature:4)



java.lang.NullPointerException: Cannot invoke "pageObjectAPI.jobOrder.jobOrderAPI.setJobOrderRequest(java.io.File)" because "this.jobOrderAPI" is null

	at serenity.rest.starter@1.0.0-SNAPSHOT/step_definitions.jobOrder.jobOrder.validDataJSONJobOrderRequest(jobOrder.java:19)

	at ✽.Valid Data JSON Job Order Request(classpath:features//jobOrder/jobOrder.feature:4)



java.lang.NullPointerException: Cannot invoke "pageObjectAPI.jobOrder.jobOrderAPI.setJobOrderRequest(java.io.File)" because "this.jobOrderAPI" is null

	at serenity.rest.starter@1.0.0-SNAPSHOT/step_definitions.jobOrder.jobOrder.validDataJSONJobOrderRequest(jobOrder.java:19)

	at ✽.Valid Data JSON Job Order Request(classpath:features//jobOrder/jobOrder.feature:4)





16:13:03.658 [pool-2-thread-1] DEBUG net.thucydides.core.reports.ReportService - Reporting formats: [JSON, HTML]

16:13:03.680 [pool-2-thread-1] DEBUG net.thucydides.core.reports.ReportService - Reporting formats: [JSON, HTML]

16:13:03.683 [pool-2-thread-1] DEBUG net.thucydides.core.reports.ReportService - Generating reports for 23 test outcomes using: net.thucydides.core.reports.json.JSONTestOutcomeReporter@286e454b

16:13:03.684 [pool-3-thread-1] DEBUG net.thucydides.core.reports.ReportService - Processing test outcome Forgot Password:SG 005 - Forgot Password valid data

16:13:03.684 [pool-3-thread-2] DEBUG net.thucydides.core.reports.ReportService - Processing test outcome Forgot Password:SG 006 - Forgot Password invalid data unregister

16:13:03.684 [pool-3-thread-1] INFO net.thucydides.core.reports.ReportService - net.thucydides.core.reports.json.JSONTestOutcomeReporter@286e454b: Generating report for test outcome: Forgot Password:SG 005 - Forgot Password valid data

16:13:03.684 [pool-3-thread-2] INFO net.thucydides.core.reports.ReportService - net.thucydides.core.reports.json.JSONTestOutcomeReporter@286e454b: Generating report for test outcome: Forgot Password:SG 006 - Forgot Password invalid data unregister

16:13:03.684 [pool-3-thread-5] DEBUG net.thucydides.core.reports.ReportService - Processing test outcome Sign In Recruitment Nashta Group:SG 003 - Sign In for user without password

16:13:03.684 [pool-3-thread-5] INFO net.thucydides.core.reports.ReportService - net.thucydides.core.reports.json.JSONTestOutcomeReporter@286e454b: Generating report for test outcome: Sign In Recruitment Nashta Group:SG 003 - Sign In for user without password

16:13:03.684 [pool-3-thread-3] DEBUG net.thucydides.core.reports.ReportService - Processing test outcome Sign In Recruitment Nashta Group:SG 001 - Sign In Valid Data

16:13:03.684 [pool-3-thread-7] DEBUG net.thucydides.core.reports.ReportService - Processing test outcome Job Order Request:JOR 002 - Update Job Order Request

16:13:03.684 [pool-3-thread-4] DEBUG net.thucydides.core.reports.ReportService - Processing test outcome Sign In Recruitment Nashta Group:SG 002 - Sign In for user without email

16:13:03.684 [pool-3-thread-4] INFO net.thucydides.core.reports.ReportService - net.thucydides.core.reports.json.JSONTestOutcomeReporter@286e454b: Generating report for test outcome: Sign In Recruitment Nashta Group:SG 002 - Sign In for user without email

16:13:03.684 [pool-3-thread-6] DEBUG net.thucydides.core.reports.ReportService - Processing test outcome Sign In Recruitment Nashta Group:SG 004 - Sign In for user invalid data unregister

16:13:03.684 [pool-3-thread-6] INFO net.thucydides.core.reports.ReportService - net.thucydides.core.reports.json.JSONTestOutcomeReporter@286e454b: Generating report for test outcome: Sign In Recruitment Nashta Group:SG 004 - Sign In for user invalid data unregister

16:13:03.684 [pool-3-thread-3] INFO net.thucydides.core.reports.ReportService - net.thucydides.core.reports.json.JSONTestOutcomeReporter@286e454b: Generating report for test outcome: Sign In Recruitment Nashta Group:SG 001 - Sign In Valid Data

16:13:03.684 [pool-3-thread-8] DEBUG net.thucydides.core.reports.ReportService - Processing test outcome Job Order Request:JOR 003 - Delete Job Order Request

16:13:03.684 [pool-3-thread-8] INFO net.thucydides.core.reports.ReportService - net.thucydides.core.reports.json.JSONTestOutcomeReporter@286e454b: Generating report for test outcome: Job Order Request:JOR 003 - Delete Job Order Request

16:13:03.684 [pool-3-thread-7] INFO net.thucydides.core.reports.ReportService - net.thucydides.core.reports.json.JSONTestOutcomeReporter@286e454b: Generating report for test outcome: Job Order Request:JOR 002 - Update Job Order Request

16:13:03.688 [pool-3-thread-1] DEBUG net.thucydides.core.reports.json.JSONTestOutcomeReporter - Generating JSON report for SG 005 - Forgot Password valid data to file /Users/fizkiarditiakusuma/Documents/Nastha_Group/recruitment_nashta_API/target/site/serenity/4202a82af732668e9e14f4b3a2f50756b502a505bb6b17de0e0c26a5e20aef7d.json (using temp file /Users/fizkiarditiakusuma/Documents/Nastha_Group/recruitment_nashta_API/target/site/serenity/4202a82af732668e9e14f4b3a2f50756b502a505bb6b17de0e0c26a5e20aef7d.jsone6ed6df8-1b05-40ab-aa0e-9472b4c98d99)

16:13:03.688 [pool-3-thread-3] DEBUG net.thucydides.core.reports.json.JSONTestOutcomeReporter - Generating JSON report for SG 001 - Sign In Valid Data to file /Users/fizkiarditiakusuma/Documents/Nastha_Group/recruitment_nashta_API/target/site/serenity/2bf2516771b7e41a2bc93f5614abb22355e0bfd919958b87f3c1a9348410ee43.json (using temp file /Users/fizkiarditiakusuma/Documents/Nastha_Group/recruitment_nashta_API/target/site/serenity/2bf2516771b7e41a2bc93f5614abb22355e0bfd919958b87f3c1a9348410ee43.json866a5d1e-464a-440b-9121-3cefa6ce389f)

16:13:03.688 [pool-3-thread-2] DEBUG net.thucydides.core.reports.json.JSONTestOutcomeReporter - Generating JSON report for SG 006 - Forgot Password invalid data unregister to file /Users/fizkiarditiakusuma/Documents/Nastha_Group/recruitment_nashta_API/target/site/serenity/17144ae3c451ff8b3b448fd891a97f0fc8aef4dacffb9f2f1a28384e631ee979.json (using temp file /Users/fizkiarditiakusuma/Documents/Nastha_Group/recruitment_nashta_API/target/site/serenity/17144ae3c451ff8b3b448fd891a97f0fc8aef4dacffb9f2f1a28384e631ee979.json598f0b69-f2e3-45ab-b155-dcbed5f43491)

16:13:03.688 [pool-3-thread-4] DEBUG net.thucydides.core.reports.json.JSONTestOutcomeReporter - Generating JSON report for SG 002 - Sign In for user without email to file /Users/fizkiarditiakusuma/Documents/Nastha_Group/recruitment_nashta_API/target/site/serenity/4d75f324f1d1e642bcffc81792557b29519f64660bd2564b5af9d4ac227ff983.json (using temp file /Users/fizkiarditiakusuma/Documents/Nastha_Group/recruitment_nashta_API/target/site/serenity/4d75f324f1d1e642bcffc81792557b29519f64660bd2564b5af9d4ac227ff983.json72c9cbac-fbbe-469f-aa68-4e02411c6715)

16:13:03.688 [pool-3-thread-5] DEBUG net.thucydides.core.reports.json.JSONTestOutcomeReporter - Generating JSON report for SG 003 - Sign In for user without password to file /Users/fizkiarditiakusuma/Documents/Nastha_Group/recruitment_nashta_API/target/site/serenity/5deb5f6a7cd73e8aa63114b90b2edcd2e437ca312b98e6b0c47c8a882d369683.json (using temp file /Users/fizkiarditiakusuma/Documents/Nastha_Group/recruitment_nashta_API/target/site/serenity/5deb5f6a7cd73e8aa63114b90b2edcd2e437ca312b98e6b0c47c8a882d369683.jsona2ab05c0-f53b-4b77-aa1e-e7c847cf9d09)

16:13:03.688 [pool-3-thread-7] DEBUG net.thucydides.core.reports.json.JSONTestOutcomeReporter - Generating JSON report for JOR 002 - Update Job Order Request to file /Users/fizkiarditiakusuma/Documents/Nastha_Group/recruitment_nashta_API/target/site/serenity/bd74806b8c6348c6a94d15535bb1151851d3e8c8d3d037b5e6c16261a65c6f61.json (using temp file /Users/fizkiarditiakusuma/Documents/Nastha_Group/recruitment_nashta_API/target/site/serenity/bd74806b8c6348c6a94d15535bb1151851d3e8c8d3d037b5e6c16261a65c6f61.json64d69593-0e34-4878-b11c-898bf598cfaf)

16:13:03.688 [pool-3-thread-8] DEBUG net.thucydides.core.reports.json.JSONTestOutcomeReporter - Generating JSON report for JOR 003 - Delete Job Order Request to file /Users/fizkiarditiakusuma/Documents/Nastha_Group/recruitment_nashta_API/target/site/serenity/c20120a4e1d78f960fb0bf49aaa1880884d51c4224de30f5aeac0ac9d7afe7dc.json (using temp file /Users/fizkiarditiakusuma/Documents/Nastha_Group/recruitment_nashta_API/target/site/serenity/c20120a4e1d78f960fb0bf49aaa1880884d51c4224de30f5aeac0ac9d7afe7dc.jsoncc16faad-a1cf-4842-b888-2edab94f3de2)

16:13:03.688 [pool-3-thread-6] DEBUG net.thucydides.core.reports.json.JSONTestOutcomeReporter - Generating JSON report for SG 004 - Sign In for user invalid data unregister to file /Users/fizkiarditiakusuma/Documents/Nastha_Group/recruitment_nashta_API/target/site/serenity/ae87531350e42ac0f11d02422c4951393618029f5e69ac2a08eb379c69241fa2.json (using temp file /Users/fizkiarditiakusuma/Documents/Nastha_Group/recruitment_nashta_API/target/site/serenity/ae87531350e42ac0f11d02422c4951393618029f5e69ac2a08eb379c69241fa2.jsone228a75d-d284-48e7-9690-dec733bc2bb6)

16:13:03.706 [pool-3-thread-1] DEBUG net.thucydides.core.reports.ReportService - Processing test outcome Forgot Password:SG 005 - Forgot Password valid data done

16:13:03.706 [pool-3-thread-1] DEBUG net.thucydides.core.reports.ReportService - Processing test outcome Job Order Request:JOR 004 - Job Order Request Approval

16:13:03.706 [pool-3-thread-1] INFO net.thucydides.core.reports.ReportService - net.thucydides.core.reports.json.JSONTestOutcomeReporter@286e454b: Generating report for test outcome: Job Order Request:JOR 004 - Job Order Request Approval

16:13:03.706 [pool-3-thread-7] DEBUG net.thucydides.core.reports.ReportService - Processing test outcome Job Order Request:JOR 002 - Update Job Order Request done

16:13:03.706 [pool-3-thread-7] DEBUG net.thucydides.core.reports.ReportService - Processing test outcome Job Order Request:JOR 005 - Job Order Request Rejected

16:13:03.706 [pool-3-thread-7] INFO net.thucydides.core.reports.ReportService - net.thucydides.core.reports.json.JSONTestOutcomeReporter@286e454b: Generating report for test outcome: Job Order Request:JOR 005 - Job Order Request Rejected

16:13:03.706 [pool-3-thread-1] DEBUG net.thucydides.core.reports.json.JSONTestOutcomeReporter - Generating JSON report for JOR 004 - Job Order Request Approval to file /Users/fizkiarditiakusuma/Documents/Nastha_Group/recruitment_nashta_API/target/site/serenity/69d8c11fc5b2afca690e0bdb8e9d5d59d143c3791991d271e0e8d08a1b17416e.json (using temp file /Users/fizkiarditiakusuma/Documents/Nastha_Group/recruitment_nashta_API/target/site/serenity/69d8c11fc5b2afca690e0bdb8e9d5d59d143c3791991d271e0e8d08a1b17416e.json75da3a66-e79a-4089-91b8-b227b6c238da)

16:13:03.706 [pool-3-thread-8] DEBUG net.thucydides.core.reports.ReportService - Processing test outcome Job Order Request:JOR 003 - Delete Job Order Request done

16:13:03.706 [pool-3-thread-8] DEBUG net.thucydides.core.reports.ReportService - Processing test outcome Job Order Request:JOR 006 - Job Order Request Revised

16:13:03.706 [pool-3-thread-8] INFO net.thucydides.core.reports.ReportService - net.thucydides.core.reports.json.JSONTestOutcomeReporter@286e454b: Generating report for test outcome: Job Order Request:JOR 006 - Job Order Request Revised

16:13:03.706 [pool-3-thread-7] DEBUG net.thucydides.core.reports.json.JSONTestOutcomeReporter - Generating JSON report for JOR 005 - Job Order Request Rejected to file /Users/fizkiarditiakusuma/Documents/Nastha_Group/recruitment_nashta_API/target/site/serenity/f71e79715c08aff6c886eec05f1d45463c693f895e8c2e77541e5c8599e6b60f.json (using temp file /Users/fizkiarditiakusuma/Documents/Nastha_Group/recruitment_nashta_API/target/site/serenity/f71e79715c08aff6c886eec05f1d45463c693f895e8c2e77541e5c8599e6b60f.json3f509a9f-10b1-4f4d-8975-a86661921df1)

16:13:03.707 [pool-3-thread-4] DEBUG net.thucydides.core.reports.ReportService - Processing test outcome Sign In Recruitment Nashta Group:SG 002 - Sign In for user without email done

16:13:03.707 [pool-3-thread-3] DEBUG net.thucydides.core.reports.ReportService - Processing test outcome Sign In Recruitment Nashta Group:SG 001 - Sign In Valid Data done

16:13:03.707 [pool-3-thread-4] DEBUG net.thucydides.core.reports.ReportService - Processing test outcome Job Order Request:JOR 007 - Job Order Request In Progress

16:13:03.707 [pool-3-thread-3] DEBUG net.thucydides.core.reports.ReportService - Processing test outcome Job Order Request:JOR 008 - Job Order Request In History Approval

16:13:03.707 [pool-3-thread-3] INFO net.thucydides.core.reports.ReportService - net.thucydides.core.reports.json.JSONTestOutcomeReporter@286e454b: Generating report for test outcome: Job Order Request:JOR 008 - Job Order Request In History Approval

16:13:03.707 [pool-3-thread-3] DEBUG net.thucydides.core.reports.json.JSONTestOutcomeReporter - Generating JSON report for JOR 008 - Job Order Request In History Approval to file /Users/fizkiarditiakusuma/Documents/Nastha_Group/recruitment_nashta_API/target/site/serenity/9b8e01a5a2e7f25e4fe531b5bda9b8323067cc96fe2ceb971849dfbf03435a39.json (using temp file /Users/fizkiarditiakusuma/Documents/Nastha_Group/recruitment_nashta_API/target/site/serenity/9b8e01a5a2e7f25e4fe531b5bda9b8323067cc96fe2ceb971849dfbf03435a39.json237eac81-a415-43a4-86da-f9b513d4c4a2)

16:13:03.707 [pool-3-thread-6] DEBUG net.thucydides.core.reports.ReportService - Processing test outcome Sign In Recruitment Nashta Group:SG 004 - Sign In for user invalid data unregister done

16:13:03.707 [pool-3-thread-6] DEBUG net.thucydides.core.reports.ReportService - Processing test outcome Job Order Request:JOR 009 - Job Order Request In History Rejected

16:13:03.707 [pool-3-thread-6] INFO net.thucydides.core.reports.ReportService - net.thucydides.core.reports.json.JSONTestOutcomeReporter@286e454b: Generating report for test outcome: Job Order Request:JOR 009 - Job Order Request In History Rejected

16:13:03.707 [pool-3-thread-8] DEBUG net.thucydides.core.reports.json.JSONTestOutcomeReporter - Generating JSON report for JOR 006 - Job Order Request Revised to file /Users/fizkiarditiakusuma/Documents/Nastha_Group/recruitment_nashta_API/target/site/serenity/bd047f6a963ac9c06e9b1633af2927a8cdce898af7281d3c92963b70acb29472.json (using temp file /Users/fizkiarditiakusuma/Documents/Nastha_Group/recruitment_nashta_API/target/site/serenity/bd047f6a963ac9c06e9b1633af2927a8cdce898af7281d3c92963b70acb29472.jsonb98143bc-7b6c-438a-aa69-002466b2e589)

16:13:03.707 [pool-3-thread-4] INFO net.thucydides.core.reports.ReportService - net.thucydides.core.reports.json.JSONTestOutcomeReporter@286e454b: Generating report for test outcome: Job Order Request:JOR 007 - Job Order Request In Progress

16:13:03.707 [pool-3-thread-6] DEBUG net.thucydides.core.reports.json.JSONTestOutcomeReporter - Generating JSON report for JOR 009 - Job Order Request In History Rejected to file /Users/fizkiarditiakusuma/Documents/Nastha_Group/recruitment_nashta_API/target/site/serenity/b67f0b8c74cb71f3b9b5fa165e285ab5cae8b061c6e223911ea3b6d2203d3b11.json (using temp file /Users/fizkiarditiakusuma/Documents/Nastha_Group/recruitment_nashta_API/target/site/serenity/b67f0b8c74cb71f3b9b5fa165e285ab5cae8b061c6e223911ea3b6d2203d3b11.json58b8c80f-24b1-44bb-b8ef-dcab1aef8d04)

16:13:03.707 [pool-3-thread-4] DEBUG net.thucydides.core.reports.json.JSONTestOutcomeReporter - Generating JSON report for JOR 007 - Job Order Request In Progress to file /Users/fizkiarditiakusuma/Documents/Nastha_Group/recruitment_nashta_API/target/site/serenity/e76704911f91466d0e7e3861957534f2d95e36a7cd51a9ca122d011412f6b80a.json (using temp file /Users/fizkiarditiakusuma/Documents/Nastha_Group/recruitment_nashta_API/target/site/serenity/e76704911f91466d0e7e3861957534f2d95e36a7cd51a9ca122d011412f6b80a.json05c54135-2655-4308-bb9b-c4566b78a9db)

16:13:03.708 [pool-3-thread-5] DEBUG net.thucydides.core.reports.ReportService - Processing test outcome Sign In Recruitment Nashta Group:SG 003 - Sign In for user without password done

16:13:03.708 [pool-3-thread-5] DEBUG net.thucydides.core.reports.ReportService - Processing test outcome Job Order Request:JOR 010 - Job Order Request In History Revised

16:13:03.708 [pool-3-thread-5] INFO net.thucydides.core.reports.ReportService - net.thucydides.core.reports.json.JSONTestOutcomeReporter@286e454b: Generating report for test outcome: Job Order Request:JOR 010 - Job Order Request In History Revised

16:13:03.708 [pool-3-thread-3] DEBUG net.thucydides.core.reports.ReportService - Processing test outcome Job Order Request:JOR 008 - Job Order Request In History Approval done

16:13:03.708 [pool-3-thread-3] DEBUG net.thucydides.core.reports.ReportService - Processing test outcome Job Order Request:JOR 011 - Cancel Job Order Request

16:13:03.708 [pool-3-thread-3] INFO net.thucydides.core.reports.ReportService - net.thucydides.core.reports.json.JSONTestOutcomeReporter@286e454b: Generating report for test outcome: Job Order Request:JOR 011 - Cancel Job Order Request

16:13:03.708 [pool-3-thread-5] DEBUG net.thucydides.core.reports.json.JSONTestOutcomeReporter - Generating JSON report for JOR 010 - Job Order Request In History Revised to file /Users/fizkiarditiakusuma/Documents/Nastha_Group/recruitment_nashta_API/target/site/serenity/a5c391033be1eaed0b6c064a15d5df0c58c43c113108ef7c854e28300ba86a4a.json (using temp file /Users/fizkiarditiakusuma/Documents/Nastha_Group/recruitment_nashta_API/target/site/serenity/a5c391033be1eaed0b6c064a15d5df0c58c43c113108ef7c854e28300ba86a4a.jsonb80f9974-521a-4a69-86b8-ffb6e3ea3563)

16:13:03.708 [pool-3-thread-2] DEBUG net.thucydides.core.reports.ReportService - Processing test outcome Forgot Password:SG 006 - Forgot Password invalid data unregister done

16:13:03.708 [pool-3-thread-7] DEBUG net.thucydides.core.reports.ReportService - Processing test outcome Job Order Request:JOR 005 - Job Order Request Rejected done

16:13:03.708 [pool-3-thread-7] DEBUG net.thucydides.core.reports.ReportService - Processing test outcome Job Order Request:JOR 012 - Get One Job Order Request

16:13:03.708 [pool-3-thread-7] INFO net.thucydides.core.reports.ReportService - net.thucydides.core.reports.json.JSONTestOutcomeReporter@286e454b: Generating report for test outcome: Job Order Request:JOR 012 - Get One Job Order Request

16:13:03.708 [pool-3-thread-2] DEBUG net.thucydides.core.reports.ReportService - Processing test outcome Job Order Request:JOR 013 - List Job Posting

16:13:03.708 [pool-3-thread-2] INFO net.thucydides.core.reports.ReportService - net.thucydides.core.reports.json.JSONTestOutcomeReporter@286e454b: Generating report for test outcome: Job Order Request:JOR 013 - List Job Posting

16:13:03.708 [pool-3-thread-7] DEBUG net.thucydides.core.reports.json.JSONTestOutcomeReporter - Generating JSON report for JOR 012 - Get One Job Order Request to file /Users/fizkiarditiakusuma/Documents/Nastha_Group/recruitment_nashta_API/target/site/serenity/d850f2a01936c465ad2f2b4627ae39c3d3eb8cbce702dae15949c5425269ad7d.json (using temp file /Users/fizkiarditiakusuma/Documents/Nastha_Group/recruitment_nashta_API/target/site/serenity/d850f2a01936c465ad2f2b4627ae39c3d3eb8cbce702dae15949c5425269ad7d.jsonc1a5bddb-0703-430d-a933-7f7069529d11)

16:13:03.709 [pool-3-thread-1] DEBUG net.thucydides.core.reports.ReportService - Processing test outcome Job Order Request:JOR 004 - Job Order Request Approval done

16:13:03.709 [pool-3-thread-1] DEBUG net.thucydides.core.reports.ReportService - Processing test outcome Job Order Request:JOR 014 - List Request Approved

16:13:03.709 [pool-3-thread-1] INFO net.thucydides.core.reports.ReportService - net.thucydides.core.reports.json.JSONTestOutcomeReporter@286e454b: Generating report for test outcome: Job Order Request:JOR 014 - List Request Approved

16:13:03.709 [pool-3-thread-1] DEBUG net.thucydides.core.reports.json.JSONTestOutcomeReporter - Generating JSON report for JOR 014 - List Request Approved to file /Users/fizkiarditiakusuma/Documents/Nastha_Group/recruitment_nashta_API/target/site/serenity/0f99190547e38b9a3a22986a6f1f48c50f815ada8c57e392f5f7db8927edf82f.json (using temp file /Users/fizkiarditiakusuma/Documents/Nastha_Group/recruitment_nashta_API/target/site/serenity/0f99190547e38b9a3a22986a6f1f48c50f815ada8c57e392f5f7db8927edf82f.json2798ee13-d18c-4005-ba0e-d240fbb3a97a)

16:13:03.710 [pool-3-thread-8] DEBUG net.thucydides.core.reports.ReportService - Processing test outcome Job Order Request:JOR 006 - Job Order Request Revised done

16:13:03.710 [pool-3-thread-8] DEBUG net.thucydides.core.reports.ReportService - Processing test outcome Job Order Request:JOR 015 - List Request Rejected

16:13:03.710 [pool-3-thread-8] INFO net.thucydides.core.reports.ReportService - net.thucydides.core.reports.json.JSONTestOutcomeReporter@286e454b: Generating report for test outcome: Job Order Request:JOR 015 - List Request Rejected

16:13:03.710 [pool-3-thread-8] DEBUG net.thucydides.core.reports.json.JSONTestOutcomeReporter - Generating JSON report for JOR 015 - List Request Rejected to file /Users/fizkiarditiakusuma/Documents/Nastha_Group/recruitment_nashta_API/target/site/serenity/efca1145b5cec688fcce7f7062db19c801418fbae9f399ff086b937d887bf707.json (using temp file /Users/fizkiarditiakusuma/Documents/Nastha_Group/recruitment_nashta_API/target/site/serenity/efca1145b5cec688fcce7f7062db19c801418fbae9f399ff086b937d887bf707.json87753506-cebe-4988-8fe0-966517cc18f9)

16:13:03.710 [pool-3-thread-4] DEBUG net.thucydides.core.reports.ReportService - Processing test outcome Job Order Request:JOR 007 - Job Order Request In Progress done

16:13:03.710 [pool-3-thread-4] DEBUG net.thucydides.core.reports.ReportService - Processing test outcome Job Order Request:JOR 016 - List Request Revised

16:13:03.710 [pool-3-thread-4] INFO net.thucydides.core.reports.ReportService - net.thucydides.core.reports.json.JSONTestOutcomeReporter@286e454b: Generating report for test outcome: Job Order Request:JOR 016 - List Request Revised

16:13:03.710 [pool-3-thread-2] DEBUG net.thucydides.core.reports.json.JSONTestOutcomeReporter - Generating JSON report for JOR 013 - List Job Posting to file /Users/fizkiarditiakusuma/Documents/Nastha_Group/recruitment_nashta_API/target/site/serenity/c76d121720ee59586dc5d876f8902b67c1178543e3a0efda3316f07c17ad00c3.json (using temp file /Users/fizkiarditiakusuma/Documents/Nastha_Group/recruitment_nashta_API/target/site/serenity/c76d121720ee59586dc5d876f8902b67c1178543e3a0efda3316f07c17ad00c3.jsonc04547b3-86c5-47d3-85ad-2f52dcaef73c)

16:13:03.710 [pool-3-thread-4] DEBUG net.thucydides.core.reports.json.JSONTestOutcomeReporter - Generating JSON report for JOR 016 - List Request Revised to file /Users/fizkiarditiakusuma/Documents/Nastha_Group/recruitment_nashta_API/target/site/serenity/24e1cbe4ef6ebe62cbc84db478345949dd653922301734f3143626c61f34bc66.json (using temp file /Users/fizkiarditiakusuma/Documents/Nastha_Group/recruitment_nashta_API/target/site/serenity/24e1cbe4ef6ebe62cbc84db478345949dd653922301734f3143626c61f34bc66.json4a634cf9-3233-4bc9-aec7-c29e7ad8387e)

16:13:03.708 [pool-3-thread-3] DEBUG net.thucydides.core.reports.json.JSONTestOutcomeReporter - Generating JSON report for JOR 011 - Cancel Job Order Request to file /Users/fizkiarditiakusuma/Documents/Nastha_Group/recruitment_nashta_API/target/site/serenity/e48b0c0ae460dbd988a3270802e82a231cbf654be26b733e0b509a3d7e222f36.json (using temp file /Users/fizkiarditiakusuma/Documents/Nastha_Group/recruitment_nashta_API/target/site/serenity/e48b0c0ae460dbd988a3270802e82a231cbf654be26b733e0b509a3d7e222f36.json991084bc-e17c-4409-a26d-81d147393c59)

16:13:03.711 [pool-3-thread-4] DEBUG net.thucydides.core.reports.ReportService - Processing test outcome Job Order Request:JOR 016 - List Request Revised done

16:13:03.711 [pool-3-thread-4] DEBUG net.thucydides.core.reports.ReportService - Processing test outcome Job Order Request:JOR 017 - List Request InProgress

16:13:03.711 [pool-3-thread-4] INFO net.thucydides.core.reports.ReportService - net.thucydides.core.reports.json.JSONTestOutcomeReporter@286e454b: Generating report for test outcome: Job Order Request:JOR 017 - List Request InProgress

16:13:03.711 [pool-3-thread-2] DEBUG net.thucydides.core.reports.ReportService - Processing test outcome Job Order Request:JOR 013 - List Job Posting done

16:13:03.711 [pool-3-thread-5] DEBUG net.thucydides.core.reports.ReportService - Processing test outcome Job Order Request:JOR 010 - Job Order Request In History Revised done

16:13:03.712 [pool-3-thread-4] DEBUG net.thucydides.core.reports.json.JSONTestOutcomeReporter - Generating JSON report for JOR 017 - List Request InProgress to file /Users/fizkiarditiakusuma/Documents/Nastha_Group/recruitment_nashta_API/target/site/serenity/c718e787ed6676a1c77f38dc97f3d4be837e5796420d2d8ca72c6666c6d50621.json (using temp file /Users/fizkiarditiakusuma/Documents/Nastha_Group/recruitment_nashta_API/target/site/serenity/c718e787ed6676a1c77f38dc97f3d4be837e5796420d2d8ca72c6666c6d50621.json4066031a-ff17-4c27-8f6e-5534a8959065)

16:13:03.712 [pool-3-thread-1] DEBUG net.thucydides.core.reports.ReportService - Processing test outcome Job Order Request:JOR 014 - List Request Approved done

16:13:03.712 [pool-3-thread-7] DEBUG net.thucydides.core.reports.ReportService - Processing test outcome Job Order Request:JOR 012 - Get One Job Order Request done

16:13:03.711 [pool-3-thread-2] DEBUG net.thucydides.core.reports.ReportService - Processing test outcome Job Order Request:JOR 018 - List Request Draft

16:13:03.712 [pool-3-thread-2] INFO net.thucydides.core.reports.ReportService - net.thucydides.core.reports.json.JSONTestOutcomeReporter@286e454b: Generating report for test outcome: Job Order Request:JOR 018 - List Request Draft

16:13:03.713 [pool-3-thread-2] DEBUG net.thucydides.core.reports.json.JSONTestOutcomeReporter - Generating JSON report for JOR 018 - List Request Draft to file /Users/fizkiarditiakusuma/Documents/Nastha_Group/recruitment_nashta_API/target/site/serenity/0139db2b4803f7544a4985ef097a751b23bee1f53ac5fa38fb2d2d1c205fc78d.json (using temp file /Users/fizkiarditiakusuma/Documents/Nastha_Group/recruitment_nashta_API/target/site/serenity/0139db2b4803f7544a4985ef097a751b23bee1f53ac5fa38fb2d2d1c205fc78d.json14b7b12b-e1e1-494b-b4aa-1185ad3b9db1)

16:13:03.713 [pool-3-thread-6] DEBUG net.thucydides.core.reports.ReportService - Processing test outcome Job Order Request:JOR 009 - Job Order Request In History Rejected done

16:13:03.714 [pool-3-thread-4] DEBUG net.thucydides.core.reports.ReportService - Processing test outcome Job Order Request:JOR 017 - List Request InProgress done

16:13:03.713 [pool-3-thread-8] DEBUG net.thucydides.core.reports.ReportService - Processing test outcome Job Order Request:JOR 015 - List Request Rejected done

16:13:03.715 [pool-3-thread-3] DEBUG net.thucydides.core.reports.ReportService - Processing test outcome Job Order Request:JOR 011 - Cancel Job Order Request done

16:13:03.715 [pool-3-thread-2] DEBUG net.thucydides.core.reports.ReportService - Processing test outcome Job Order Request:JOR 018 - List Request Draft done

16:13:03.715 [pool-2-thread-1] DEBUG net.thucydides.core.reports.ReportService - Shutting down executor service

16:13:03.715 [pool-2-thread-1] DEBUG net.thucydides.core.reports.ReportService - Reports generated in: 32 ms

16:13:03.715 [pool-2-thread-1] DEBUG net.thucydides.core.reports.ReportService - Generating reports for 23 test outcomes using: net.thucydides.core.reports.html.HtmlAcceptanceTestReporter@2f47081c

16:13:03.715 [pool-4-thread-1] DEBUG net.thucydides.core.reports.ReportService - Processing test outcome Forgot Password:SG 005 - Forgot Password valid data

16:13:03.715 [pool-4-thread-1] INFO net.thucydides.core.reports.ReportService - net.thucydides.core.reports.html.HtmlAcceptanceTestReporter@2f47081c: Generating report for test outcome: Forgot Password:SG 005 - Forgot Password valid data

16:13:03.716 [pool-4-thread-2] DEBUG net.thucydides.core.reports.ReportService - Processing test outcome Forgot Password:SG 006 - Forgot Password invalid data unregister

16:13:03.716 [pool-4-thread-2] INFO net.thucydides.core.reports.ReportService - net.thucydides.core.reports.html.HtmlAcceptanceTestReporter@2f47081c: Generating report for test outcome: Forgot Password:SG 006 - Forgot Password invalid data unregister

16:13:03.716 [pool-4-thread-3] DEBUG net.thucydides.core.reports.ReportService - Processing test outcome Sign In Recruitment Nashta Group:SG 001 - Sign In Valid Data

16:13:03.716 [pool-4-thread-3] INFO net.thucydides.core.reports.ReportService - net.thucydides.core.reports.html.HtmlAcceptanceTestReporter@2f47081c: Generating report for test outcome: Sign In Recruitment Nashta Group:SG 001 - Sign In Valid Data

16:13:03.717 [pool-4-thread-4] DEBUG net.thucydides.core.reports.ReportService - Processing test outcome Sign In Recruitment Nashta Group:SG 002 - Sign In for user without email

16:13:03.717 [pool-4-thread-4] INFO net.thucydides.core.reports.ReportService - net.thucydides.core.reports.html.HtmlAcceptanceTestReporter@2f47081c: Generating report for test outcome: Sign In Recruitment Nashta Group:SG 002 - Sign In for user without email

16:13:03.717 [pool-4-thread-5] DEBUG net.thucydides.core.reports.ReportService - Processing test outcome Sign In Recruitment Nashta Group:SG 003 - Sign In for user without password

16:13:03.717 [pool-4-thread-5] INFO net.thucydides.core.reports.ReportService - net.thucydides.core.reports.html.HtmlAcceptanceTestReporter@2f47081c: Generating report for test outcome: Sign In Recruitment Nashta Group:SG 003 - Sign In for user without password

16:13:03.718 [pool-4-thread-6] DEBUG net.thucydides.core.reports.ReportService - Processing test outcome Sign In Recruitment Nashta Group:SG 004 - Sign In for user invalid data unregister

16:13:03.718 [pool-4-thread-6] INFO net.thucydides.core.reports.ReportService - net.thucydides.core.reports.html.HtmlAcceptanceTestReporter@2f47081c: Generating report for test outcome: Sign In Recruitment Nashta Group:SG 004 - Sign In for user invalid data unregister

16:13:03.718 [pool-4-thread-7] DEBUG net.thucydides.core.reports.ReportService - Processing test outcome Job Order Request:JOR 002 - Update Job Order Request

16:13:03.718 [pool-4-thread-7] INFO net.thucydides.core.reports.ReportService - net.thucydides.core.reports.html.HtmlAcceptanceTestReporter@2f47081c: Generating report for test outcome: Job Order Request:JOR 002 - Update Job Order Request

16:13:03.719 [pool-4-thread-8] DEBUG net.thucydides.core.reports.ReportService - Processing test outcome Job Order Request:JOR 003 - Delete Job Order Request

16:13:03.719 [pool-4-thread-8] INFO net.thucydides.core.reports.ReportService - net.thucydides.core.reports.html.HtmlAcceptanceTestReporter@2f47081c: Generating report for test outcome: Job Order Request:JOR 003 - Delete Job Order Request

16:13:03.727 [pool-4-thread-6] DEBUG net.thucydides.core.requirements.model.cucumber.CucumberParser - Added feature Forgot Password

16:13:03.727 [pool-4-thread-4] DEBUG net.thucydides.core.requirements.model.cucumber.CucumberParser - Added feature Forgot Password

16:13:03.730 [pool-4-thread-7] DEBUG net.thucydides.core.requirements.model.cucumber.CucumberParser - Added feature Forgot Password

16:13:03.731 [pool-4-thread-4] DEBUG net.thucydides.core.requirements.model.cucumber.CucumberParser - Added feature Sign In Recruitment Nashta Group

16:13:03.733 [pool-4-thread-8] DEBUG net.thucydides.core.requirements.model.cucumber.CucumberParser - Added feature Forgot Password

16:13:03.734 [pool-4-thread-7] DEBUG net.thucydides.core.requirements.model.cucumber.CucumberParser - Added feature Sign In Recruitment Nashta Group

16:13:03.734 [pool-4-thread-6] DEBUG net.thucydides.core.requirements.model.cucumber.CucumberParser - Added feature Sign In Recruitment Nashta Group

16:13:03.737 [pool-4-thread-1] DEBUG net.thucydides.core.requirements.model.cucumber.CucumberParser - Added feature Forgot Password

16:13:03.738 [pool-4-thread-8] DEBUG net.thucydides.core.requirements.model.cucumber.CucumberParser - Added feature Sign In Recruitment Nashta Group

16:13:03.741 [pool-4-thread-1] DEBUG net.thucydides.core.requirements.model.cucumber.CucumberParser - Added feature Sign In Recruitment Nashta Group

16:13:03.751 [pool-4-thread-4] DEBUG net.thucydides.core.requirements.model.cucumber.CucumberParser - Added feature Job Order Request

16:13:03.752 [pool-4-thread-6] DEBUG net.thucydides.core.requirements.model.cucumber.CucumberParser - Added feature Job Order Request

16:13:03.754 [pool-4-thread-8] DEBUG net.thucydides.core.requirements.model.cucumber.CucumberParser - Added feature Job Order Request

16:13:03.757 [pool-4-thread-7] DEBUG net.thucydides.core.requirements.model.cucumber.CucumberParser - Added feature Job Order Request

16:13:03.757 [pool-4-thread-1] DEBUG net.thucydides.core.requirements.model.cucumber.CucumberParser - Added feature Job Order Request

16:13:03.763 [pool-4-thread-1] DEBUG net.thucydides.core.requirements.BaseRequirementsService - Requirement found for test outcome SG 005 - Forgot Password valid data-[]: Optional[Requirement{name='Forgot Password', type='feature' parent = 'Auth', cardNumber='null'}]

16:13:03.764 [pool-4-thread-4] DEBUG net.thucydides.core.requirements.BaseRequirementsService - Requirement found for test outcome SG 002 - Sign In for user without email-[]: Optional[Requirement{name='Sign In Recruitment Nashta Group', type='feature' parent = 'Auth', cardNumber='null'}]

16:13:03.764 [pool-4-thread-7] DEBUG net.thucydides.core.requirements.BaseRequirementsService - Requirement found for test outcome JOR 002 - Update Job Order Request-[]: Optional[Requirement{name='Job Order Request', type='feature' parent = 'Job order', cardNumber='null'}]

16:13:03.764 [pool-4-thread-6] DEBUG net.thucydides.core.requirements.BaseRequirementsService - Requirement found for test outcome SG 004 - Sign In for user invalid data unregister-[]: Optional[Requirement{name='Sign In Recruitment Nashta Group', type='feature' parent = 'Auth', cardNumber='null'}]

16:13:03.764 [pool-4-thread-4] DEBUG net.thucydides.core.requirements.BaseRequirementsService - Requirement found for test outcome SG 002 - Sign In for user without email-[]: Optional[Requirement{name='Sign In Recruitment Nashta Group', type='feature' parent = 'Auth', cardNumber='null'}]

16:13:03.765 [pool-4-thread-7] DEBUG net.thucydides.core.requirements.BaseRequirementsService - Requirement found for test outcome JOR 002 - Update Job Order Request-[]: Optional[Requirement{name='Job Order Request', type='feature' parent = 'Job order', cardNumber='null'}]

16:13:03.765 [pool-4-thread-2] DEBUG net.thucydides.core.requirements.BaseRequirementsService - Requirement found for test outcome SG 006 - Forgot Password invalid data unregister-[]: Optional[Requirement{name='Forgot Password', type='feature' parent = 'Auth', cardNumber='null'}]

16:13:03.765 [pool-4-thread-5] DEBUG net.thucydides.core.requirements.BaseRequirementsService - Requirement found for test outcome SG 003 - Sign In for user without password-[]: Optional[Requirement{name='Sign In Recruitment Nashta Group', type='feature' parent = 'Auth', cardNumber='null'}]

16:13:03.766 [pool-4-thread-3] DEBUG net.thucydides.core.requirements.BaseRequirementsService - Requirement found for test outcome SG 001 - Sign In Valid Data-[]: Optional[Requirement{name='Sign In Recruitment Nashta Group', type='feature' parent = 'Auth', cardNumber='null'}]

16:13:03.766 [pool-4-thread-5] DEBUG net.thucydides.core.requirements.BaseRequirementsService - Requirement found for test outcome SG 003 - Sign In for user without password-[]: Optional[Requirement{name='Sign In Recruitment Nashta Group', type='feature' parent = 'Auth', cardNumber='null'}]

16:13:03.766 [pool-4-thread-1] DEBUG net.thucydides.core.requirements.BaseRequirementsService - Requirement found for test outcome SG 005 - Forgot Password valid data-[]: Optional[Requirement{name='Forgot Password', type='feature' parent = 'Auth', cardNumber='null'}]

16:13:03.766 [pool-4-thread-6] DEBUG net.thucydides.core.requirements.BaseRequirementsService - Requirement found for test outcome SG 004 - Sign In for user invalid data unregister-[]: Optional[Requirement{name='Sign In Recruitment Nashta Group', type='feature' parent = 'Auth', cardNumber='null'}]

16:13:03.767 [pool-4-thread-2] DEBUG net.thucydides.core.requirements.BaseRequirementsService - Requirement found for test outcome SG 006 - Forgot Password invalid data unregister-[]: Optional[Requirement{name='Forgot Password', type='feature' parent = 'Auth', cardNumber='null'}]

16:13:03.767 [pool-4-thread-8] DEBUG net.thucydides.core.requirements.BaseRequirementsService - Requirement found for test outcome JOR 003 - Delete Job Order Request-[]: Optional[Requirement{name='Job Order Request', type='feature' parent = 'Job order', cardNumber='null'}]

16:13:03.767 [pool-4-thread-8] DEBUG net.thucydides.core.requirements.BaseRequirementsService - Requirement found for test outcome JOR 003 - Delete Job Order Request-[]: Optional[Requirement{name='Job Order Request', type='feature' parent = 'Job order', cardNumber='null'}]

16:13:03.767 [pool-4-thread-3] DEBUG net.thucydides.core.requirements.BaseRequirementsService - Requirement found for test outcome SG 001 - Sign In Valid Data-[]: Optional[Requirement{name='Sign In Recruitment Nashta Group', type='feature' parent = 'Auth', cardNumber='null'}]

16:13:03.801 [pool-4-thread-3] DEBUG serenity.reporting - Generating report in 2bf2516771b7e41a2bc93f5614abb22355e0bfd919958b87f3c1a9348410ee43.html

16:13:03.801 [pool-4-thread-4] DEBUG serenity.reporting - Generating report in 4d75f324f1d1e642bcffc81792557b29519f64660bd2564b5af9d4ac227ff983.html

16:13:03.801 [pool-4-thread-8] DEBUG serenity.reporting - Generating report in c20120a4e1d78f960fb0bf49aaa1880884d51c4224de30f5aeac0ac9d7afe7dc.html

16:13:03.958 [pool-4-thread-2] DEBUG serenity.reporting - Generating report in 17144ae3c451ff8b3b448fd891a97f0fc8aef4dacffb9f2f1a28384e631ee979.html

16:13:03.958 [pool-4-thread-6] DEBUG serenity.reporting - Generating report in ae87531350e42ac0f11d02422c4951393618029f5e69ac2a08eb379c69241fa2.html

16:13:03.958 [pool-4-thread-1] DEBUG serenity.reporting - Generating report in 4202a82af732668e9e14f4b3a2f50756b502a505bb6b17de0e0c26a5e20aef7d.html

16:13:03.958 [pool-4-thread-5] DEBUG serenity.reporting - Generating report in 5deb5f6a7cd73e8aa63114b90b2edcd2e437ca312b98e6b0c47c8a882d369683.html

16:13:03.968 [pool-4-thread-7] DEBUG serenity.reporting - Generating report in bd74806b8c6348c6a94d15535bb1151851d3e8c8d3d037b5e6c16261a65c6f61.html

16:13:04.091 [pool-4-thread-8] DEBUG serenity.reporting - Generated report c20120a4e1d78f960fb0bf49aaa1880884d51c4224de30f5aeac0ac9d7afe7dc.html in 290 ms

16:13:04.092 [pool-4-thread-8] DEBUG net.thucydides.core.reports.ReportService - Processing test outcome Job Order Request:JOR 003 - Delete Job Order Request done

16:13:04.092 [pool-4-thread-8] DEBUG net.thucydides.core.reports.ReportService - Processing test outcome Job Order Request:JOR 004 - Job Order Request Approval

16:13:04.092 [pool-4-thread-8] INFO net.thucydides.core.reports.ReportService - net.thucydides.core.reports.html.HtmlAcceptanceTestReporter@2f47081c: Generating report for test outcome: Job Order Request:JOR 004 - Job Order Request Approval

16:13:04.093 [pool-4-thread-8] DEBUG net.thucydides.core.requirements.BaseRequirementsService - Requirement found for test outcome JOR 004 - Job Order Request Approval-[]: Optional[Requirement{name='Job Order Request', type='feature' parent = 'Job order', cardNumber='null'}]

16:13:04.093 [pool-4-thread-8] DEBUG net.thucydides.core.requirements.BaseRequirementsService - Requirement found for test outcome JOR 004 - Job Order Request Approval-[]: Optional[Requirement{name='Job Order Request', type='feature' parent = 'Job order', cardNumber='null'}]

16:13:04.093 [pool-4-thread-3] DEBUG serenity.reporting - Generated report 2bf2516771b7e41a2bc93f5614abb22355e0bfd919958b87f3c1a9348410ee43.html in 292 ms

16:13:04.093 [pool-4-thread-3] DEBUG net.thucydides.core.reports.ReportService - Processing test outcome Sign In Recruitment Nashta Group:SG 001 - Sign In Valid Data done

16:13:04.093 [pool-4-thread-3] DEBUG net.thucydides.core.reports.ReportService - Processing test outcome Job Order Request:JOR 005 - Job Order Request Rejected

16:13:04.093 [pool-4-thread-3] INFO net.thucydides.core.reports.ReportService - net.thucydides.core.reports.html.HtmlAcceptanceTestReporter@2f47081c: Generating report for test outcome: Job Order Request:JOR 005 - Job Order Request Rejected

16:13:04.094 [pool-4-thread-8] DEBUG serenity.reporting - Generating report in 69d8c11fc5b2afca690e0bdb8e9d5d59d143c3791991d271e0e8d08a1b17416e.html

16:13:04.094 [pool-4-thread-1] DEBUG serenity.reporting - Generated report 4202a82af732668e9e14f4b3a2f50756b502a505bb6b17de0e0c26a5e20aef7d.html in 136 ms

16:13:04.094 [pool-4-thread-1] DEBUG net.thucydides.core.reports.ReportService - Processing test outcome Forgot Password:SG 005 - Forgot Password valid data done

16:13:04.094 [pool-4-thread-1] DEBUG net.thucydides.core.reports.ReportService - Processing test outcome Job Order Request:JOR 006 - Job Order Request Revised

16:13:04.094 [pool-4-thread-1] INFO net.thucydides.core.reports.ReportService - net.thucydides.core.reports.html.HtmlAcceptanceTestReporter@2f47081c: Generating report for test outcome: Job Order Request:JOR 006 - Job Order Request Revised

16:13:04.094 [pool-4-thread-3] DEBUG net.thucydides.core.requirements.BaseRequirementsService - Requirement found for test outcome JOR 005 - Job Order Request Rejected-[]: Optional[Requirement{name='Job Order Request', type='feature' parent = 'Job order', cardNumber='null'}]

16:13:04.095 [pool-4-thread-3] DEBUG net.thucydides.core.requirements.BaseRequirementsService - Requirement found for test outcome JOR 005 - Job Order Request Rejected-[]: Optional[Requirement{name='Job Order Request', type='feature' parent = 'Job order', cardNumber='null'}]

16:13:04.095 [pool-4-thread-1] DEBUG net.thucydides.core.requirements.BaseRequirementsService - Requirement found for test outcome JOR 006 - Job Order Request Revised-[]: Optional[Requirement{name='Job Order Request', type='feature' parent = 'Job order', cardNumber='null'}]

16:13:04.095 [pool-4-thread-3] DEBUG serenity.reporting - Generating report in f71e79715c08aff6c886eec05f1d45463c693f895e8c2e77541e5c8599e6b60f.html

16:13:04.095 [pool-4-thread-4] DEBUG serenity.reporting - Generated report 4d75f324f1d1e642bcffc81792557b29519f64660bd2564b5af9d4ac227ff983.html in 294 ms

16:13:04.095 [pool-4-thread-4] DEBUG net.thucydides.core.reports.ReportService - Processing test outcome Sign In Recruitment Nashta Group:SG 002 - Sign In for user without email done

16:13:04.095 [pool-4-thread-4] DEBUG net.thucydides.core.reports.ReportService - Processing test outcome Job Order Request:JOR 007 - Job Order Request In Progress

16:13:04.095 [pool-4-thread-1] DEBUG net.thucydides.core.requirements.BaseRequirementsService - Requirement found for test outcome JOR 006 - Job Order Request Revised-[]: Optional[Requirement{name='Job Order Request', type='feature' parent = 'Job order', cardNumber='null'}]

16:13:04.096 [pool-4-thread-1] DEBUG serenity.reporting - Generating report in bd047f6a963ac9c06e9b1633af2927a8cdce898af7281d3c92963b70acb29472.html

16:13:04.095 [pool-4-thread-4] INFO net.thucydides.core.reports.ReportService - net.thucydides.core.reports.html.HtmlAcceptanceTestReporter@2f47081c: Generating report for test outcome: Job Order Request:JOR 007 - Job Order Request In Progress

16:13:04.097 [pool-4-thread-6] DEBUG serenity.reporting - Generated report ae87531350e42ac0f11d02422c4951393618029f5e69ac2a08eb379c69241fa2.html in 139 ms

16:13:04.098 [pool-4-thread-6] DEBUG net.thucydides.core.reports.ReportService - Processing test outcome Sign In Recruitment Nashta Group:SG 004 - Sign In for user invalid data unregister done

16:13:04.098 [pool-4-thread-6] DEBUG net.thucydides.core.reports.ReportService - Processing test outcome Job Order Request:JOR 008 - Job Order Request In History Approval

16:13:04.098 [pool-4-thread-6] INFO net.thucydides.core.reports.ReportService - net.thucydides.core.reports.html.HtmlAcceptanceTestReporter@2f47081c: Generating report for test outcome: Job Order Request:JOR 008 - Job Order Request In History Approval

16:13:04.098 [pool-4-thread-4] DEBUG net.thucydides.core.requirements.BaseRequirementsService - Requirement found for test outcome JOR 007 - Job Order Request In Progress-[]: Optional[Requirement{name='Job Order Request', type='feature' parent = 'Job order', cardNumber='null'}]

16:13:04.099 [pool-4-thread-4] DEBUG net.thucydides.core.requirements.BaseRequirementsService - Requirement found for test outcome JOR 007 - Job Order Request In Progress-[]: Optional[Requirement{name='Job Order Request', type='feature' parent = 'Job order', cardNumber='null'}]

16:13:04.100 [pool-4-thread-4] DEBUG serenity.reporting - Generating report in e76704911f91466d0e7e3861957534f2d95e36a7cd51a9ca122d011412f6b80a.html

16:13:04.101 [pool-4-thread-1] DEBUG serenity.reporting - Generated report bd047f6a963ac9c06e9b1633af2927a8cdce898af7281d3c92963b70acb29472.html in 5 ms

16:13:04.101 [pool-4-thread-1] DEBUG net.thucydides.core.reports.ReportService - Processing test outcome Job Order Request:JOR 006 - Job Order Request Revised done

16:13:04.101 [pool-4-thread-1] DEBUG net.thucydides.core.reports.ReportService - Processing test outcome Job Order Request:JOR 009 - Job Order Request In History Rejected

16:13:04.101 [pool-4-thread-1] INFO net.thucydides.core.reports.ReportService - net.thucydides.core.reports.html.HtmlAcceptanceTestReporter@2f47081c: Generating report for test outcome: Job Order Request:JOR 009 - Job Order Request In History Rejected

16:13:04.102 [pool-4-thread-5] DEBUG serenity.reporting - Generated report 5deb5f6a7cd73e8aa63114b90b2edcd2e437ca312b98e6b0c47c8a882d369683.html in 144 ms

16:13:04.102 [pool-4-thread-5] DEBUG net.thucydides.core.reports.ReportService - Processing test outcome Sign In Recruitment Nashta Group:SG 003 - Sign In for user without password done

16:13:04.102 [pool-4-thread-5] DEBUG net.thucydides.core.reports.ReportService - Processing test outcome Job Order Request:JOR 010 - Job Order Request In History Revised

16:13:04.102 [pool-4-thread-5] INFO net.thucydides.core.reports.ReportService - net.thucydides.core.reports.html.HtmlAcceptanceTestReporter@2f47081c: Generating report for test outcome: Job Order Request:JOR 010 - Job Order Request In History Revised

16:13:04.102 [pool-4-thread-6] DEBUG net.thucydides.core.requirements.BaseRequirementsService - Requirement found for test outcome JOR 008 - Job Order Request In History Approval-[]: Optional[Requirement{name='Job Order Request', type='feature' parent = 'Job order', cardNumber='null'}]

16:13:04.102 [pool-4-thread-2] DEBUG serenity.reporting - Generated report 17144ae3c451ff8b3b448fd891a97f0fc8aef4dacffb9f2f1a28384e631ee979.html in 144 ms

16:13:04.102 [pool-4-thread-2] DEBUG net.thucydides.core.reports.ReportService - Processing test outcome Forgot Password:SG 006 - Forgot Password invalid data unregister done

16:13:04.103 [pool-4-thread-2] DEBUG net.thucydides.core.reports.ReportService - Processing test outcome Job Order Request:JOR 011 - Cancel Job Order Request

16:13:04.103 [pool-4-thread-2] INFO net.thucydides.core.reports.ReportService - net.thucydides.core.reports.html.HtmlAcceptanceTestReporter@2f47081c: Generating report for test outcome: Job Order Request:JOR 011 - Cancel Job Order Request

16:13:04.103 [pool-4-thread-1] DEBUG net.thucydides.core.requirements.BaseRequirementsService - Requirement found for test outcome JOR 009 - Job Order Request In History Rejected-[]: Optional[Requirement{name='Job Order Request', type='feature' parent = 'Job order', cardNumber='null'}]

16:13:04.103 [pool-4-thread-6] DEBUG net.thucydides.core.requirements.BaseRequirementsService - Requirement found for test outcome JOR 008 - Job Order Request In History Approval-[]: Optional[Requirement{name='Job Order Request', type='feature' parent = 'Job order', cardNumber='null'}]

16:13:04.103 [pool-4-thread-7] DEBUG serenity.reporting - Generated report bd74806b8c6348c6a94d15535bb1151851d3e8c8d3d037b5e6c16261a65c6f61.html in 135 ms

16:13:04.103 [pool-4-thread-7] DEBUG net.thucydides.core.reports.ReportService - Processing test outcome Job Order Request:JOR 002 - Update Job Order Request done

16:13:04.103 [pool-4-thread-7] DEBUG net.thucydides.core.reports.ReportService - Processing test outcome Job Order Request:JOR 012 - Get One Job Order Request

16:13:04.103 [pool-4-thread-7] INFO net.thucydides.core.reports.ReportService - net.thucydides.core.reports.html.HtmlAcceptanceTestReporter@2f47081c: Generating report for test outcome: Job Order Request:JOR 012 - Get One Job Order Request

16:13:04.103 [pool-4-thread-8] DEBUG serenity.reporting - Generated report 69d8c11fc5b2afca690e0bdb8e9d5d59d143c3791991d271e0e8d08a1b17416e.html in 9 ms

16:13:04.103 [pool-4-thread-8] DEBUG net.thucydides.core.reports.ReportService - Processing test outcome Job Order Request:JOR 004 - Job Order Request Approval done

16:13:04.103 [pool-4-thread-8] DEBUG net.thucydides.core.reports.ReportService - Processing test outcome Job Order Request:JOR 013 - List Job Posting

16:13:04.103 [pool-4-thread-8] INFO net.thucydides.core.reports.ReportService - net.thucydides.core.reports.html.HtmlAcceptanceTestReporter@2f47081c: Generating report for test outcome: Job Order Request:JOR 013 - List Job Posting

16:13:04.103 [pool-4-thread-6] DEBUG serenity.reporting - Generating report in 9b8e01a5a2e7f25e4fe531b5bda9b8323067cc96fe2ceb971849dfbf03435a39.html

16:13:04.105 [pool-4-thread-1] DEBUG net.thucydides.core.requirements.BaseRequirementsService - Requirement found for test outcome JOR 009 - Job Order Request In History Rejected-[]: Optional[Requirement{name='Job Order Request', type='feature' parent = 'Job order', cardNumber='null'}]

16:13:04.106 [pool-4-thread-2] DEBUG net.thucydides.core.requirements.BaseRequirementsService - Requirement found for test outcome JOR 011 - Cancel Job Order Request-[]: Optional[Requirement{name='Job Order Request', type='feature' parent = 'Job order', cardNumber='null'}]

16:13:04.107 [pool-4-thread-1] DEBUG serenity.reporting - Generating report in b67f0b8c74cb71f3b9b5fa165e285ab5cae8b061c6e223911ea3b6d2203d3b11.html

16:13:04.107 [pool-4-thread-8] DEBUG net.thucydides.core.requirements.BaseRequirementsService - Requirement found for test outcome JOR 013 - List Job Posting-[]: Optional[Requirement{name='Job Order Request', type='feature' parent = 'Job order', cardNumber='null'}]

16:13:04.107 [pool-4-thread-2] DEBUG net.thucydides.core.requirements.BaseRequirementsService - Requirement found for test outcome JOR 011 - Cancel Job Order Request-[]: Optional[Requirement{name='Job Order Request', type='feature' parent = 'Job order', cardNumber='null'}]

16:13:04.108 [pool-4-thread-4] DEBUG serenity.reporting - Generated report e76704911f91466d0e7e3861957534f2d95e36a7cd51a9ca122d011412f6b80a.html in 8 ms

16:13:04.108 [pool-4-thread-4] DEBUG net.thucydides.core.reports.ReportService - Processing test outcome Job Order Request:JOR 007 - Job Order Request In Progress done

16:13:04.108 [pool-4-thread-4] DEBUG net.thucydides.core.reports.ReportService - Processing test outcome Job Order Request:JOR 014 - List Request Approved

16:13:04.108 [pool-4-thread-4] INFO net.thucydides.core.reports.ReportService - net.thucydides.core.reports.html.HtmlAcceptanceTestReporter@2f47081c: Generating report for test outcome: Job Order Request:JOR 014 - List Request Approved

16:13:04.108 [pool-4-thread-8] DEBUG net.thucydides.core.requirements.BaseRequirementsService - Requirement found for test outcome JOR 013 - List Job Posting-[]: Optional[Requirement{name='Job Order Request', type='feature' parent = 'Job order', cardNumber='null'}]

16:13:04.108 [pool-4-thread-5] DEBUG net.thucydides.core.requirements.BaseRequirementsService - Requirement found for test outcome JOR 010 - Job Order Request In History Revised-[]: Optional[Requirement{name='Job Order Request', type='feature' parent = 'Job order', cardNumber='null'}]

16:13:04.109 [pool-4-thread-8] DEBUG serenity.reporting - Generating report in c76d121720ee59586dc5d876f8902b67c1178543e3a0efda3316f07c17ad00c3.html

16:13:04.109 [pool-4-thread-2] DEBUG serenity.reporting - Generating report in e48b0c0ae460dbd988a3270802e82a231cbf654be26b733e0b509a3d7e222f36.html

16:13:04.106 [pool-4-thread-3] DEBUG serenity.reporting - Generated report f71e79715c08aff6c886eec05f1d45463c693f895e8c2e77541e5c8599e6b60f.html in 11 ms

16:13:04.110 [pool-4-thread-3] DEBUG net.thucydides.core.reports.ReportService - Processing test outcome Job Order Request:JOR 005 - Job Order Request Rejected done

16:13:04.110 [pool-4-thread-3] DEBUG net.thucydides.core.reports.ReportService - Processing test outcome Job Order Request:JOR 015 - List Request Rejected

16:13:04.110 [pool-4-thread-3] INFO net.thucydides.core.reports.ReportService - net.thucydides.core.reports.html.HtmlAcceptanceTestReporter@2f47081c: Generating report for test outcome: Job Order Request:JOR 015 - List Request Rejected

16:13:04.110 [pool-4-thread-7] DEBUG net.thucydides.core.requirements.BaseRequirementsService - Requirement found for test outcome JOR 012 - Get One Job Order Request-[]: Optional[Requirement{name='Job Order Request', type='feature' parent = 'Job order', cardNumber='null'}]

16:13:04.111 [pool-4-thread-3] DEBUG net.thucydides.core.requirements.BaseRequirementsService - Requirement found for test outcome JOR 015 - List Request Rejected-[]: Optional[Requirement{name='Job Order Request', type='feature' parent = 'Job order', cardNumber='null'}]

16:13:04.111 [pool-4-thread-3] DEBUG net.thucydides.core.requirements.BaseRequirementsService - Requirement found for test outcome JOR 015 - List Request Rejected-[]: Optional[Requirement{name='Job Order Request', type='feature' parent = 'Job order', cardNumber='null'}]

16:13:04.112 [pool-4-thread-3] DEBUG serenity.reporting - Generating report in efca1145b5cec688fcce7f7062db19c801418fbae9f399ff086b937d887bf707.html

16:13:04.112 [pool-4-thread-7] DEBUG net.thucydides.core.requirements.BaseRequirementsService - Requirement found for test outcome JOR 012 - Get One Job Order Request-[]: Optional[Requirement{name='Job Order Request', type='feature' parent = 'Job order', cardNumber='null'}]

16:13:04.112 [pool-4-thread-7] DEBUG serenity.reporting - Generating report in d850f2a01936c465ad2f2b4627ae39c3d3eb8cbce702dae15949c5425269ad7d.html

16:13:04.110 [pool-4-thread-4] DEBUG net.thucydides.core.requirements.BaseRequirementsService - Requirement found for test outcome JOR 014 - List Request Approved-[]: Optional[Requirement{name='Job Order Request', type='feature' parent = 'Job order', cardNumber='null'}]

16:13:04.120 [pool-4-thread-1] DEBUG serenity.reporting - Generated report b67f0b8c74cb71f3b9b5fa165e285ab5cae8b061c6e223911ea3b6d2203d3b11.html in 13 ms

16:13:04.120 [pool-4-thread-1] DEBUG net.thucydides.core.reports.ReportService - Processing test outcome Job Order Request:JOR 009 - Job Order Request In History Rejected done

16:13:04.120 [pool-4-thread-1] DEBUG net.thucydides.core.reports.ReportService - Processing test outcome Job Order Request:JOR 016 - List Request Revised

16:13:04.120 [pool-4-thread-1] INFO net.thucydides.core.reports.ReportService - net.thucydides.core.reports.html.HtmlAcceptanceTestReporter@2f47081c: Generating report for test outcome: Job Order Request:JOR 016 - List Request Revised

16:13:04.120 [pool-4-thread-5] DEBUG net.thucydides.core.requirements.BaseRequirementsService - Requirement found for test outcome JOR 010 - Job Order Request In History Revised-[]: Optional[Requirement{name='Job Order Request', type='feature' parent = 'Job order', cardNumber='null'}]

16:13:04.121 [pool-4-thread-5] DEBUG serenity.reporting - Generating report in a5c391033be1eaed0b6c064a15d5df0c58c43c113108ef7c854e28300ba86a4a.html

16:13:04.122 [pool-4-thread-4] DEBUG net.thucydides.core.requirements.BaseRequirementsService - Requirement found for test outcome JOR 014 - List Request Approved-[]: Optional[Requirement{name='Job Order Request', type='feature' parent = 'Job order', cardNumber='null'}]

16:13:04.122 [pool-4-thread-1] DEBUG net.thucydides.core.requirements.BaseRequirementsService - Requirement found for test outcome JOR 016 - List Request Revised-[]: Optional[Requirement{name='Job Order Request', type='feature' parent = 'Job order', cardNumber='null'}]

16:13:04.122 [pool-4-thread-4] DEBUG serenity.reporting - Generating report in 0f99190547e38b9a3a22986a6f1f48c50f815ada8c57e392f5f7db8927edf82f.html

16:13:04.122 [pool-4-thread-6] DEBUG serenity.reporting - Generated report 9b8e01a5a2e7f25e4fe531b5bda9b8323067cc96fe2ceb971849dfbf03435a39.html in 19 ms

16:13:04.122 [pool-4-thread-6] DEBUG net.thucydides.core.reports.ReportService - Processing test outcome Job Order Request:JOR 008 - Job Order Request In History Approval done

16:13:04.123 [pool-4-thread-6] DEBUG net.thucydides.core.reports.ReportService - Processing test outcome Job Order Request:JOR 017 - List Request InProgress

16:13:04.123 [pool-4-thread-6] INFO net.thucydides.core.reports.ReportService - net.thucydides.core.reports.html.HtmlAcceptanceTestReporter@2f47081c: Generating report for test outcome: Job Order Request:JOR 017 - List Request InProgress

16:13:04.123 [pool-4-thread-1] DEBUG net.thucydides.core.requirements.BaseRequirementsService - Requirement found for test outcome JOR 016 - List Request Revised-[]: Optional[Requirement{name='Job Order Request', type='feature' parent = 'Job order', cardNumber='null'}]

16:13:04.123 [pool-4-thread-1] DEBUG serenity.reporting - Generating report in 24e1cbe4ef6ebe62cbc84db478345949dd653922301734f3143626c61f34bc66.html

16:13:04.126 [pool-4-thread-7] DEBUG serenity.reporting - Generated report d850f2a01936c465ad2f2b4627ae39c3d3eb8cbce702dae15949c5425269ad7d.html in 14 ms

16:13:04.126 [pool-4-thread-7] DEBUG net.thucydides.core.reports.ReportService - Processing test outcome Job Order Request:JOR 012 - Get One Job Order Request done

16:13:04.126 [pool-4-thread-7] DEBUG net.thucydides.core.reports.ReportService - Processing test outcome Job Order Request:JOR 018 - List Request Draft

16:13:04.126 [pool-4-thread-7] INFO net.thucydides.core.reports.ReportService - net.thucydides.core.reports.html.HtmlAcceptanceTestReporter@2f47081c: Generating report for test outcome: Job Order Request:JOR 018 - List Request Draft

16:13:04.127 [pool-4-thread-6] DEBUG net.thucydides.core.requirements.BaseRequirementsService - Requirement found for test outcome JOR 017 - List Request InProgress-[]: Optional[Requirement{name='Job Order Request', type='feature' parent = 'Job order', cardNumber='null'}]

16:13:04.127 [pool-4-thread-6] DEBUG net.thucydides.core.requirements.BaseRequirementsService - Requirement found for test outcome JOR 017 - List Request InProgress-[]: Optional[Requirement{name='Job Order Request', type='feature' parent = 'Job order', cardNumber='null'}]

16:13:04.128 [pool-4-thread-6] DEBUG serenity.reporting - Generating report in c718e787ed6676a1c77f38dc97f3d4be837e5796420d2d8ca72c6666c6d50621.html

16:13:04.130 [pool-4-thread-7] DEBUG net.thucydides.core.requirements.BaseRequirementsService - Requirement found for test outcome JOR 018 - List Request Draft-[]: Optional[Requirement{name='Job Order Request', type='feature' parent = 'Job order', cardNumber='null'}]

16:13:04.130 [pool-4-thread-1] DEBUG serenity.reporting - Generated report 24e1cbe4ef6ebe62cbc84db478345949dd653922301734f3143626c61f34bc66.html in 7 ms

16:13:04.130 [pool-4-thread-1] DEBUG net.thucydides.core.reports.ReportService - Processing test outcome Job Order Request:JOR 016 - List Request Revised done

16:13:04.130 [pool-4-thread-7] DEBUG net.thucydides.core.requirements.BaseRequirementsService - Requirement found for test outcome JOR 018 - List Request Draft-[]: Optional[Requirement{name='Job Order Request', type='feature' parent = 'Job order', cardNumber='null'}]

16:13:04.131 [pool-4-thread-7] DEBUG serenity.reporting - Generating report in 0139db2b4803f7544a4985ef097a751b23bee1f53ac5fa38fb2d2d1c205fc78d.html

16:13:04.136 [pool-4-thread-5] DEBUG serenity.reporting - Generated report a5c391033be1eaed0b6c064a15d5df0c58c43c113108ef7c854e28300ba86a4a.html in 15 ms

16:13:04.136 [pool-4-thread-5] DEBUG net.thucydides.core.reports.ReportService - Processing test outcome Job Order Request:JOR 010 - Job Order Request In History Revised done

16:13:04.136 [pool-4-thread-8] DEBUG serenity.reporting - Generated report c76d121720ee59586dc5d876f8902b67c1178543e3a0efda3316f07c17ad00c3.html in 27 ms

16:13:04.136 [pool-4-thread-8] DEBUG net.thucydides.core.reports.ReportService - Processing test outcome Job Order Request:JOR 013 - List Job Posting done

16:13:04.137 [pool-4-thread-4] DEBUG serenity.reporting - Generated report 0f99190547e38b9a3a22986a6f1f48c50f815ada8c57e392f5f7db8927edf82f.html in 15 ms

16:13:04.138 [pool-4-thread-4] DEBUG net.thucydides.core.reports.ReportService - Processing test outcome Job Order Request:JOR 014 - List Request Approved done

16:13:04.139 [pool-4-thread-3] DEBUG serenity.reporting - Generated report efca1145b5cec688fcce7f7062db19c801418fbae9f399ff086b937d887bf707.html in 27 ms

16:13:04.139 [pool-4-thread-3] DEBUG net.thucydides.core.reports.ReportService - Processing test outcome Job Order Request:JOR 015 - List Request Rejected done

16:13:04.140 [pool-4-thread-6] DEBUG serenity.reporting - Generated report c718e787ed6676a1c77f38dc97f3d4be837e5796420d2d8ca72c6666c6d50621.html in 12 ms

16:13:04.140 [pool-4-thread-6] DEBUG net.thucydides.core.reports.ReportService - Processing test outcome Job Order Request:JOR 017 - List Request InProgress done

16:13:04.140 [pool-4-thread-7] DEBUG serenity.reporting - Generated report 0139db2b4803f7544a4985ef097a751b23bee1f53ac5fa38fb2d2d1c205fc78d.html in 9 ms

16:13:04.140 [pool-4-thread-7] DEBUG net.thucydides.core.reports.ReportService - Processing test outcome Job Order Request:JOR 018 - List Request Draft done

16:13:04.142 [pool-4-thread-2] DEBUG serenity.reporting - Generated report e48b0c0ae460dbd988a3270802e82a231cbf654be26b733e0b509a3d7e222f36.html in 33 ms

16:13:04.142 [pool-4-thread-2] DEBUG net.thucydides.core.reports.ReportService - Processing test outcome Job Order Request:JOR 011 - Cancel Job Order Request done

16:13:04.142 [pool-2-thread-1] DEBUG net.thucydides.core.reports.ReportService - Shutting down executor service

16:13:04.142 [pool-2-thread-1] DEBUG net.thucydides.core.reports.ReportService - Reports generated in: 427 ms

16:13:04.204 [pool-2-thread-1] INFO io.cucumber.core.plugin.SerenityReporter - Cleanup test resources for URI classpath:features//auth/forgotPassword.feature

16:13:04.204 [pool-2-thread-1] INFO io.cucumber.core.plugin.SerenityReporter - Cleanup test resources for URI classpath:features//auth/signIn.feature

16:13:04.204 [pool-2-thread-1] INFO io.cucumber.core.plugin.SerenityReporter - Cleanup test resources for URI classpath:features//jobOrder/jobOrder.feature


@recruitment @forgotpassword
Scenario: SG 005 - Forgot Password valid data     &amp#27;[90m# features//auth/forgotPassword.feature:4&amp#27;[0m
16:13:01.071 [pool-2-thread-1] INFO io.cucumber.core.plugin.SerenityReporter - Running feature from classpath:features//auth/forgotPassword.feature
16:13:01.101 [pool-2-thread-1] INFO  - 
  _____   ___   ___   _____     ___   _____     _     ___   _____   ___   ___  
 |_   _| | __| / __| |_   _|   / __| |_   _|   /_\   | _ \ |_   _| | __| |   \ 
   | |   | _|  \__ \   | |     \__ \   | |    / _ \  |   /   | |   | _|  | |) |
   |_|   |___| |___/   |_|     |___/   |_|   /_/ \_\ |_|_\   |_|   |___| |___/ 

SG 005 - Forgot Password valid data(forgot-password;sg-005---forgot-password-valid-data)
--------------------------------------------------------------------------------
16:13:01.130 [pool-2-thread-1] DEBUG net.thucydides.core.requirements.model.cucumber.CucumberParser - Added feature Forgot Password
16:13:01.134 [pool-2-thread-1] DEBUG net.thucydides.core.requirements.model.cucumber.CucumberParser - Added feature Sign In Recruitment Nashta Group
16:13:01.141 [pool-2-thread-1] DEBUG net.thucydides.core.requirements.model.cucumber.CucumberParser - Added feature Job Order Request
16:13:01.250 [pool-2-thread-1] DEBUG net.thucydides.core.steps.StepInterceptor - STARTING STEP: forgotPassword.aRegisteredUserWhoForgotThePassword - a registered user who forgot the password
16:13:02.037 [pool-2-thread-1] DEBUG net.thucydides.core.steps.StepInterceptor - STEP DONE: a registered user who forgot the password
  &amp#27;[32mGiven &amp#27;[0m&amp#27;[32ma registered user who forgot the password&amp#27;[0m &amp#27;[90m# step_definitions.auth.forgotPassword.aRegisteredUserWhoForgotThePassword()&amp#27;[0m
  &amp#27;[32mWhen &amp#27;[0m&amp#27;[32mSend request post to recover the password&amp#27;[0m  &amp#27;[90m# step_definitions.auth.forgotPassword.sendRequestPostToRecoverThePassword()&amp#27;[0m
  &amp#27;[32mThen &amp#27;[0m&amp#27;[32mthe response status code should be &amp#27;[0m&amp#27;[32m&amp#27;[1m200&amp#27;[0m&amp#27;[32m OK&amp#27;[0m  &amp#27;[90m# step_definitions.utills.responseStatusCode.theResponseStatusCodeShouldBeOK(int)&amp#27;[0m
16:13:02.463 [pool-2-thread-1] INFO  - 
  _____   ___   ___   _____     ___     _     ___   ___   ___   ___  
 |_   _| | __| / __| |_   _|   | _ \   /_\   / __| / __| | __| |   \ 
   | |   | _|  \__ \   | |     |  _/  / _ \  \__ \ \__ \ | _|  | |) |
   |_|   |___| |___/   |_|     |_|   /_/ \_\ |___/ |___/ |___| |___/ 

SG 005 - Forgot Password valid data
----------------------------------------------------------------------
]]></system-out>
  </testcase>
  <testcase name="SG 006 - Forgot Password invalid data unregister" classname="Forgot Password" time="0.083">
    <failure message="1 expectation failed.&#10;Expected status code &lt;404&gt; but was &lt;200&gt;.&#10;" type="java.lang.AssertionError"><![CDATA[java.lang.AssertionError: 
1 expectation failed.
Expected status code <404> but was <200>.

]]></failure>
    <system-out><![CDATA[
@recruitment @forgotpassword
Scenario: SG 006 - Forgot Password invalid data unregister &amp#27;[90m# features//auth/forgotPassword.feature:9&amp#27;[0m
16:13:02.477 [pool-2-thread-1] INFO io.cucumber.core.plugin.SerenityReporter - Running feature from classpath:features//auth/forgotPassword.feature
16:13:02.478 [pool-2-thread-1] INFO  - 
  _____   ___   ___   _____     ___   _____     _     ___   _____   ___   ___  
 |_   _| | __| / __| |_   _|   / __| |_   _|   /_\   | _ \ |_   _| | __| |   \ 
   | |   | _|  \__ \   | |     \__ \   | |    / _ \  |   /   | |   | _|  | |) |
   |_|   |___| |___/   |_|     |___/   |_|   /_/ \_\ |_|_\   |_|   |___| |___/ 

SG 006 - Forgot Password invalid data unregister(forgot-password;sg-006---forgot-password-invalid-data-unregister)
--------------------------------------------------------------------------------
16:13:02.480 [pool-2-thread-1] DEBUG net.thucydides.core.steps.StepInterceptor - STARTING STEP: forgotPassword.anUnregisteredUserWhoForgotThePassword - a registered user who forgot the password
16:13:02.481 [pool-2-thread-1] DEBUG net.thucydides.core.steps.StepInterceptor - STEP DONE: a registered user who forgot the password
  &amp#27;[32mGiven &amp#27;[0m&amp#27;[32man unregistered user who forgot the password&amp#27;[0m       &amp#27;[90m# step_definitions.auth.forgotPassword.anUnregisteredUserWhoForgotThePassword()&amp#27;[0m
  &amp#27;[32mWhen &amp#27;[0m&amp#27;[32mSend request post an unregistered user the password&amp#27;[0m &amp#27;[90m# step_definitions.auth.forgotPassword.sendRequestPostAnUnregisteredUserThePassword()&amp#27;[0m
  &amp#27;[31mThen &amp#27;[0m&amp#27;[31mthe response status code should be &amp#27;[0m&amp#27;[31m&amp#27;[1m404&amp#27;[0m&amp#27;[31m Not Found&amp#27;[0m    &amp#27;[90m# step_definitions.utills.responseStatusCode.theResponseStatusCodeShouldBeNotFound(int)&amp#27;[0m
      &amp#27;[31mjava.lang.AssertionError: 1 expectation failed.
Expected status code <404> but was <200>.

	at java.base/jdk.internal.reflect.NativeConstructorAccessorImpl.newInstance0(Native Method)
	at java.base/jdk.internal.reflect.NativeConstructorAccessorImpl.newInstance(NativeConstructorAccessorImpl.java:77)
	at java.base/jdk.internal.reflect.DelegatingConstructorAccessorImpl.newInstance(DelegatingConstructorAccessorImpl.java:45)
	at java.base/java.lang.reflect.Constructor.newInstanceWithCaller(Constructor.java:499)
	at java.base/java.lang.reflect.Constructor.newInstance(Constructor.java:480)
	at org.codehaus.groovy.reflection.CachedConstructor.invoke(CachedConstructor.java:72)
	at org.codehaus.groovy.runtime.callsite.ConstructorSite$ConstructorSiteNoUnwrapNoCoerce.callConstructor(ConstructorSite.java:105)
	at org.codehaus.groovy.runtime.callsite.CallSiteArray.defaultCallConstructor(CallSiteArray.java:59)
	at org.codehaus.groovy.runtime.callsite.AbstractCallSite.callConstructor(AbstractCallSite.java:263)
	at org.codehaus.groovy.runtime.callsite.AbstractCallSite.callConstructor(AbstractCallSite.java:277)
	at io.restassured.internal.ResponseSpecificationImpl$HamcrestAssertionClosure.validate(ResponseSpecificationImpl.groovy:493)
	at io.restassured.internal.ResponseSpecificationImpl$HamcrestAssertionClosure$validate$1.call(Unknown Source)
	at io.restassured.internal.ResponseSpecificationImpl.validateResponseIfRequired(ResponseSpecificationImpl.groovy:674)
	at java.base/jdk.internal.reflect.NativeMethodAccessorImpl.invoke0(Native Method)
	at java.base/jdk.internal.reflect.NativeMethodAccessorImpl.invoke(NativeMethodAccessorImpl.java:77)
	at java.base/jdk.internal.reflect.DelegatingMethodAccessorImpl.invoke(DelegatingMethodAccessorImpl.java:43)
	at java.base/java.lang.reflect.Method.invoke(Method.java:568)
	at org.codehaus.groovy.runtime.callsite.PlainObjectMetaMethodSite.doInvoke(PlainObjectMetaMethodSite.java:43)
	at org.codehaus.groovy.runtime.callsite.PogoMetaMethodSite$PogoCachedMethodSiteNoUnwrapNoCoerce.invoke(PogoMetaMethodSite.java:193)
	at org.codehaus.groovy.runtime.callsite.PogoMetaMethodSite.callCurrent(PogoMetaMethodSite.java:61)
	at org.codehaus.groovy.runtime.callsite.AbstractCallSite.callCurrent(AbstractCallSite.java:185)
	at io.restassured.internal.ResponseSpecificationImpl.statusCode(ResponseSpecificationImpl.groovy:126)
	at io.restassured.specification.ResponseSpecification$statusCode$0.callCurrent(Unknown Source)
	at io.restassured.internal.ResponseSpecificationImpl.statusCode(ResponseSpecificationImpl.groovy:134)
	at io.restassured.internal.ValidatableResponseOptionsImpl.statusCode(ValidatableResponseOptionsImpl.java:89)
	at io.restassured.internal.ValidatableResponseImpl.super$2$statusCode(ValidatableResponseImpl.groovy)
	at java.base/jdk.internal.reflect.NativeMethodAccessorImpl.invoke0(Native Method)
	at java.base/jdk.internal.reflect.NativeMethodAccessorImpl.invoke(NativeMethodAccessorImpl.java:77)
	at java.base/jdk.internal.reflect.DelegatingMethodAccessorImpl.invoke(DelegatingMethodAccessorImpl.java:43)
	at java.base/java.lang.reflect.Method.invoke(Method.java:568)
	at org.codehaus.groovy.reflection.CachedMethod.invoke(CachedMethod.java:107)
	at groovy.lang.MetaMethod.doMethodInvoke(MetaMethod.java:323)
	at groovy.lang.MetaClassImpl.invokeMethod(MetaClassImpl.java:1267)
	at org.codehaus.groovy.runtime.ScriptBytecodeAdapter.invokeMethodOnSuperN(ScriptBytecodeAdapter.java:144)
	at io.restassured.internal.ValidatableResponseImpl.statusCode(ValidatableResponseImpl.groovy:142)
	at io.restassured.internal.ValidatableResponseImpl.statusCode(ValidatableResponseImpl.groovy)
	at serenity.rest.starter@1.0.0-SNAPSHOT/step_definitions.utills.responseStatusCode.theResponseStatusCodeShouldBeNotFound(responseStatusCode.java:29)
	at ✽.the response status code should be 404 Not Found(classpath:features//auth/forgotPassword.feature:12)
&amp#27;[0m
]]></system-out>
  </testcase>
</testsuite>