<?xml version="1.0" encoding="UTF-8"?><testsuite errors="0" failures="1" name="Forgot Password" skipped="0" tests="2" time="1.46" timestamp="2024-01-26 04:13:01"><testcase name="SG 005 - Forgot Password valid data"/><testcase name="SG 006 - Forgot Password invalid data unregister"><failure message="1 expectation failed.&#10;Expected status code &lt;404&gt; but was &lt;200&gt;.&#10;" type="java.lang.AssertionError">1 expectation failed.
Expected status code &lt;404&gt; but was &lt;200&gt;.
</failure><system-err>1 expectation failed.
Expected status code &lt;404&gt; but was &lt;200&gt;.

io.restassured.internal.ResponseSpecificationImpl.validateResponseIfRequired(ResponseSpecificationImpl.groovy:674)
io.restassured.internal.ResponseSpecificationImpl.statusCode(ResponseSpecificationImpl.groovy:126)
io.restassured.internal.ResponseSpecificationImpl.statusCode(ResponseSpecificationImpl.groovy:134)
io.restassured.internal.ValidatableResponseOptionsImpl.statusCode(ValidatableResponseOptionsImpl.java:89)
io.restassured.internal.ValidatableResponseImpl.super$2$statusCode(ValidatableResponseImpl.groovy)
groovy.lang.MetaMethod.doMethodInvoke(MetaMethod.java:323)
groovy.lang.MetaClassImpl.invokeMethod(MetaClassImpl.java:1267)
io.restassured.internal.ValidatableResponseImpl.statusCode(ValidatableResponseImpl.groovy:142)
io.restassured.internal.ValidatableResponseImpl.statusCode(ValidatableResponseImpl.groovy)
serenity.rest.starter@1.0.0-SNAPSHOT/step_definitions.utills.responseStatusCode.theResponseStatusCodeShouldBeNotFound(responseStatusCode.java:29)
âœ½.the response status code should be 404 Not Found(classpath:features//auth/forgotPassword.feature:12)
</system-err></testcase></testsuite>