<?xml version="1.0" encoding="UTF-8"?><testsuite errors="17" failures="0" name="Job Order Request" skipped="0" tests="17" time="0.13" timestamp="2024-01-26 04:13:03"><testcase name="JOR 002 - Update Job Order Request"><error message="Cannot invoke &quot;pageObjectAPI.jobOrder.jobOrderAPI.setJobOrderRequest(java.io.File)&quot; because &quot;this.jobOrderAPI&quot; is null" type="java.lang.NullPointerException">Cannot invoke "pageObjectAPI.jobOrder.jobOrderAPI.setJobOrderRequest(java.io.File)" because "this.jobOrderAPI" is null</error><system-err>Cannot invoke "pageObjectAPI.jobOrder.jobOrderAPI.setJobOrderRequest(java.io.File)" because "this.jobOrderAPI" is null
serenity.rest.starter@1.0.0-SNAPSHOT/step_definitions.jobOrder.jobOrder.validDataJSONJobOrderRequest(jobOrder.java:19)
✽.Valid Data JSON Job Order Request(classpath:features//jobOrder/jobOrder.feature:4)
</system-err></testcase><testcase name="JOR 003 - Delete Job Order Request"><error message="Cannot invoke &quot;pageObjectAPI.jobOrder.jobOrderAPI.setJobOrderRequest(java.io.File)&quot; because &quot;this.jobOrderAPI&quot; is null" type="java.lang.NullPointerException">Cannot invoke "pageObjectAPI.jobOrder.jobOrderAPI.setJobOrderRequest(java.io.File)" because "this.jobOrderAPI" is null</error><system-err>Cannot invoke "pageObjectAPI.jobOrder.jobOrderAPI.setJobOrderRequest(java.io.File)" because "this.jobOrderAPI" is null
serenity.rest.starter@1.0.0-SNAPSHOT/step_definitions.jobOrder.jobOrder.validDataJSONJobOrderRequest(jobOrder.java:19)
✽.Valid Data JSON Job Order Request(classpath:features//jobOrder/jobOrder.feature:4)
</system-err></testcase><testcase name="JOR 004 - Job Order Request Approval"><error message="Cannot invoke &quot;pageObjectAPI.jobOrder.jobOrderAPI.setJobOrderRequest(java.io.File)&quot; because &quot;this.jobOrderAPI&quot; is null" type="java.lang.NullPointerException">Cannot invoke "pageObjectAPI.jobOrder.jobOrderAPI.setJobOrderRequest(java.io.File)" because "this.jobOrderAPI" is null</error><system-err>Cannot invoke "pageObjectAPI.jobOrder.jobOrderAPI.setJobOrderRequest(java.io.File)" because "this.jobOrderAPI" is null
serenity.rest.starter@1.0.0-SNAPSHOT/step_definitions.jobOrder.jobOrder.validDataJSONJobOrderRequest(jobOrder.java:19)
✽.Valid Data JSON Job Order Request(classpath:features//jobOrder/jobOrder.feature:4)
</system-err></testcase><testcase name="JOR 005 - Job Order Request Rejected"><error message="Cannot invoke &quot;pageObjectAPI.jobOrder.jobOrderAPI.setJobOrderRequest(java.io.File)&quot; because &quot;this.jobOrderAPI&quot; is null" type="java.lang.NullPointerException">Cannot invoke "pageObjectAPI.jobOrder.jobOrderAPI.setJobOrderRequest(java.io.File)" because "this.jobOrderAPI" is null</error><system-err>Cannot invoke "pageObjectAPI.jobOrder.jobOrderAPI.setJobOrderRequest(java.io.File)" because "this.jobOrderAPI" is null
serenity.rest.starter@1.0.0-SNAPSHOT/step_definitions.jobOrder.jobOrder.validDataJSONJobOrderRequest(jobOrder.java:19)
✽.Valid Data JSON Job Order Request(classpath:features//jobOrder/jobOrder.feature:4)
</system-err></testcase><testcase name="JOR 006 - Job Order Request Revised"><error message="Cannot invoke &quot;pageObjectAPI.jobOrder.jobOrderAPI.setJobOrderRequest(java.io.File)&quot; because &quot;this.jobOrderAPI&quot; is null" type="java.lang.NullPointerException">Cannot invoke "pageObjectAPI.jobOrder.jobOrderAPI.setJobOrderRequest(java.io.File)" because "this.jobOrderAPI" is null</error><system-err>Cannot invoke "pageObjectAPI.jobOrder.jobOrderAPI.setJobOrderRequest(java.io.File)" because "this.jobOrderAPI" is null
serenity.rest.starter@1.0.0-SNAPSHOT/step_definitions.jobOrder.jobOrder.validDataJSONJobOrderRequest(jobOrder.java:19)
✽.Valid Data JSON Job Order Request(classpath:features//jobOrder/jobOrder.feature:4)
</system-err></testcase><testcase name="JOR 007 - Job Order Request In Progress"><error message="Cannot invoke &quot;pageObjectAPI.jobOrder.jobOrderAPI.setJobOrderRequest(java.io.File)&quot; because &quot;this.jobOrderAPI&quot; is null" type="java.lang.NullPointerException">Cannot invoke "pageObjectAPI.jobOrder.jobOrderAPI.setJobOrderRequest(java.io.File)" because "this.jobOrderAPI" is null</error><system-err>Cannot invoke "pageObjectAPI.jobOrder.jobOrderAPI.setJobOrderRequest(java.io.File)" because "this.jobOrderAPI" is null
serenity.rest.starter@1.0.0-SNAPSHOT/step_definitions.jobOrder.jobOrder.validDataJSONJobOrderRequest(jobOrder.java:19)
✽.Valid Data JSON Job Order Request(classpath:features//jobOrder/jobOrder.feature:4)
</system-err></testcase><testcase name="JOR 008 - Job Order Request In History Approval"><error message="Cannot invoke &quot;pageObjectAPI.jobOrder.jobOrderAPI.setJobOrderRequest(java.io.File)&quot; because &quot;this.jobOrderAPI&quot; is null" type="java.lang.NullPointerException">Cannot invoke "pageObjectAPI.jobOrder.jobOrderAPI.setJobOrderRequest(java.io.File)" because "this.jobOrderAPI" is null</error><system-err>Cannot invoke "pageObjectAPI.jobOrder.jobOrderAPI.setJobOrderRequest(java.io.File)" because "this.jobOrderAPI" is null
serenity.rest.starter@1.0.0-SNAPSHOT/step_definitions.jobOrder.jobOrder.validDataJSONJobOrderRequest(jobOrder.java:19)
✽.Valid Data JSON Job Order Request(classpath:features//jobOrder/jobOrder.feature:4)
</system-err></testcase><testcase name="JOR 009 - Job Order Request In History Rejected"><error message="Cannot invoke &quot;pageObjectAPI.jobOrder.jobOrderAPI.setJobOrderRequest(java.io.File)&quot; because &quot;this.jobOrderAPI&quot; is null" type="java.lang.NullPointerException">Cannot invoke "pageObjectAPI.jobOrder.jobOrderAPI.setJobOrderRequest(java.io.File)" because "this.jobOrderAPI" is null</error><system-err>Cannot invoke "pageObjectAPI.jobOrder.jobOrderAPI.setJobOrderRequest(java.io.File)" because "this.jobOrderAPI" is null
serenity.rest.starter@1.0.0-SNAPSHOT/step_definitions.jobOrder.jobOrder.validDataJSONJobOrderRequest(jobOrder.java:19)
✽.Valid Data JSON Job Order Request(classpath:features//jobOrder/jobOrder.feature:4)
</system-err></testcase><testcase name="JOR 010 - Job Order Request In History Revised"><error message="Cannot invoke &quot;pageObjectAPI.jobOrder.jobOrderAPI.setJobOrderRequest(java.io.File)&quot; because &quot;this.jobOrderAPI&quot; is null" type="java.lang.NullPointerException">Cannot invoke "pageObjectAPI.jobOrder.jobOrderAPI.setJobOrderRequest(java.io.File)" because "this.jobOrderAPI" is null</error><system-err>Cannot invoke "pageObjectAPI.jobOrder.jobOrderAPI.setJobOrderRequest(java.io.File)" because "this.jobOrderAPI" is null
serenity.rest.starter@1.0.0-SNAPSHOT/step_definitions.jobOrder.jobOrder.validDataJSONJobOrderRequest(jobOrder.java:19)
✽.Valid Data JSON Job Order Request(classpath:features//jobOrder/jobOrder.feature:4)
</system-err></testcase><testcase name="JOR 011 - Cancel Job Order Request"><error message="Cannot invoke &quot;pageObjectAPI.jobOrder.jobOrderAPI.setJobOrderRequest(java.io.File)&quot; because &quot;this.jobOrderAPI&quot; is null" type="java.lang.NullPointerException">Cannot invoke "pageObjectAPI.jobOrder.jobOrderAPI.setJobOrderRequest(java.io.File)" because "this.jobOrderAPI" is null</error><system-err>Cannot invoke "pageObjectAPI.jobOrder.jobOrderAPI.setJobOrderRequest(java.io.File)" because "this.jobOrderAPI" is null
serenity.rest.starter@1.0.0-SNAPSHOT/step_definitions.jobOrder.jobOrder.validDataJSONJobOrderRequest(jobOrder.java:19)
✽.Valid Data JSON Job Order Request(classpath:features//jobOrder/jobOrder.feature:4)
</system-err></testcase><testcase name="JOR 012 - Get One Job Order Request"><error message="Cannot invoke &quot;pageObjectAPI.jobOrder.jobOrderAPI.setJobOrderRequest(java.io.File)&quot; because &quot;this.jobOrderAPI&quot; is null" type="java.lang.NullPointerException">Cannot invoke "pageObjectAPI.jobOrder.jobOrderAPI.setJobOrderRequest(java.io.File)" because "this.jobOrderAPI" is null</error><system-err>Cannot invoke "pageObjectAPI.jobOrder.jobOrderAPI.setJobOrderRequest(java.io.File)" because "this.jobOrderAPI" is null
serenity.rest.starter@1.0.0-SNAPSHOT/step_definitions.jobOrder.jobOrder.validDataJSONJobOrderRequest(jobOrder.java:19)
✽.Valid Data JSON Job Order Request(classpath:features//jobOrder/jobOrder.feature:4)
</system-err></testcase><testcase name="JOR 013 - List Job Posting"><error message="Cannot invoke &quot;pageObjectAPI.jobOrder.jobOrderAPI.setJobOrderRequest(java.io.File)&quot; because &quot;this.jobOrderAPI&quot; is null" type="java.lang.NullPointerException">Cannot invoke "pageObjectAPI.jobOrder.jobOrderAPI.setJobOrderRequest(java.io.File)" because "this.jobOrderAPI" is null</error><system-err>Cannot invoke "pageObjectAPI.jobOrder.jobOrderAPI.setJobOrderRequest(java.io.File)" because "this.jobOrderAPI" is null
serenity.rest.starter@1.0.0-SNAPSHOT/step_definitions.jobOrder.jobOrder.validDataJSONJobOrderRequest(jobOrder.java:19)
✽.Valid Data JSON Job Order Request(classpath:features//jobOrder/jobOrder.feature:4)
</system-err></testcase><testcase name="JOR 014 - List Request Approved"><error message="Cannot invoke &quot;pageObjectAPI.jobOrder.jobOrderAPI.setJobOrderRequest(java.io.File)&quot; because &quot;this.jobOrderAPI&quot; is null" type="java.lang.NullPointerException">Cannot invoke "pageObjectAPI.jobOrder.jobOrderAPI.setJobOrderRequest(java.io.File)" because "this.jobOrderAPI" is null</error><system-err>Cannot invoke "pageObjectAPI.jobOrder.jobOrderAPI.setJobOrderRequest(java.io.File)" because "this.jobOrderAPI" is null
serenity.rest.starter@1.0.0-SNAPSHOT/step_definitions.jobOrder.jobOrder.validDataJSONJobOrderRequest(jobOrder.java:19)
✽.Valid Data JSON Job Order Request(classpath:features//jobOrder/jobOrder.feature:4)
</system-err></testcase><testcase name="JOR 015 - List Request Rejected"><error message="Cannot invoke &quot;pageObjectAPI.jobOrder.jobOrderAPI.setJobOrderRequest(java.io.File)&quot; because &quot;this.jobOrderAPI&quot; is null" type="java.lang.NullPointerException">Cannot invoke "pageObjectAPI.jobOrder.jobOrderAPI.setJobOrderRequest(java.io.File)" because "this.jobOrderAPI" is null</error><system-err>Cannot invoke "pageObjectAPI.jobOrder.jobOrderAPI.setJobOrderRequest(java.io.File)" because "this.jobOrderAPI" is null
serenity.rest.starter@1.0.0-SNAPSHOT/step_definitions.jobOrder.jobOrder.validDataJSONJobOrderRequest(jobOrder.java:19)
✽.Valid Data JSON Job Order Request(classpath:features//jobOrder/jobOrder.feature:4)
</system-err></testcase><testcase name="JOR 016 - List Request Revised"><error message="Cannot invoke &quot;pageObjectAPI.jobOrder.jobOrderAPI.setJobOrderRequest(java.io.File)&quot; because &quot;this.jobOrderAPI&quot; is null" type="java.lang.NullPointerException">Cannot invoke "pageObjectAPI.jobOrder.jobOrderAPI.setJobOrderRequest(java.io.File)" because "this.jobOrderAPI" is null</error><system-err>Cannot invoke "pageObjectAPI.jobOrder.jobOrderAPI.setJobOrderRequest(java.io.File)" because "this.jobOrderAPI" is null
serenity.rest.starter@1.0.0-SNAPSHOT/step_definitions.jobOrder.jobOrder.validDataJSONJobOrderRequest(jobOrder.java:19)
✽.Valid Data JSON Job Order Request(classpath:features//jobOrder/jobOrder.feature:4)
</system-err></testcase><testcase name="JOR 017 - List Request InProgress"><error message="Cannot invoke &quot;pageObjectAPI.jobOrder.jobOrderAPI.setJobOrderRequest(java.io.File)&quot; because &quot;this.jobOrderAPI&quot; is null" type="java.lang.NullPointerException">Cannot invoke "pageObjectAPI.jobOrder.jobOrderAPI.setJobOrderRequest(java.io.File)" because "this.jobOrderAPI" is null</error><system-err>Cannot invoke "pageObjectAPI.jobOrder.jobOrderAPI.setJobOrderRequest(java.io.File)" because "this.jobOrderAPI" is null
serenity.rest.starter@1.0.0-SNAPSHOT/step_definitions.jobOrder.jobOrder.validDataJSONJobOrderRequest(jobOrder.java:19)
✽.Valid Data JSON Job Order Request(classpath:features//jobOrder/jobOrder.feature:4)
</system-err></testcase><testcase name="JOR 018 - List Request Draft"><error message="Cannot invoke &quot;pageObjectAPI.jobOrder.jobOrderAPI.setJobOrderRequest(java.io.File)&quot; because &quot;this.jobOrderAPI&quot; is null" type="java.lang.NullPointerException">Cannot invoke "pageObjectAPI.jobOrder.jobOrderAPI.setJobOrderRequest(java.io.File)" because "this.jobOrderAPI" is null</error><system-err>Cannot invoke "pageObjectAPI.jobOrder.jobOrderAPI.setJobOrderRequest(java.io.File)" because "this.jobOrderAPI" is null
serenity.rest.starter@1.0.0-SNAPSHOT/step_definitions.jobOrder.jobOrder.validDataJSONJobOrderRequest(jobOrder.java:19)
✽.Valid Data JSON Job Order Request(classpath:features//jobOrder/jobOrder.feature:4)
</system-err></testcase></testsuite>